sysbench 1.0.18 (using system LuaJIT 2.1.0-beta3)

Running the test with following options:
Number of threads: 32
Report intermediate results every 1 second(s)
Initializing random number generator from current time


Initializing worker threads...

Threads started!

[ 1s ] thds: 32 tps: 0.00 qps: 415.24 (r/w/o: 383.30/0.00/31.94) lat (ms,95%): 0.00 err/s: 0.00 reconn/s: 0.00
[ 2s ] thds: 32 tps: 32.00 qps: 448.00 (r/w/o: 256.00/128.00/64.00) lat (ms,95%): 1479.41 err/s: 0.00 reconn/s: 0.00
[ 3s ] thds: 32 tps: 32.01 qps: 451.16 (r/w/o: 259.09/128.05/64.02) lat (ms,95%): 1427.08 err/s: 0.00 reconn/s: 0.00
[ 4s ] thds: 32 tps: 0.00 qps: 447.86 (r/w/o: 444.86/3.00/0.00) lat (ms,95%): 0.00 err/s: 0.00 reconn/s: 0.00
[ 5s ] thds: 32 tps: 32.01 qps: 460.17 (r/w/o: 271.10/125.05/64.02) lat (ms,95%): 1427.08 err/s: 0.00 reconn/s: 0.00
[ 6s ] thds: 32 tps: 31.99 qps: 467.90 (r/w/o: 275.94/127.97/63.99) lat (ms,95%): 1401.61 err/s: 0.00 reconn/s: 0.00
[ 7s ] thds: 32 tps: 0.00 qps: 447.98 (r/w/o: 348.98/99.00/0.00) lat (ms,95%): 0.00 err/s: 0.00 reconn/s: 0.00
[ 8s ] thds: 32 tps: 32.00 qps: 447.96 (r/w/o: 354.97/29.00/63.99) lat (ms,95%): 1401.61 err/s: 0.00 reconn/s: 0.00
[ 9s ] thds: 32 tps: 32.01 qps: 464.15 (r/w/o: 272.09/128.04/64.02) lat (ms,95%): 1401.61 err/s: 0.00 reconn/s: 0.00
[ 10s ] thds: 32 tps: 32.00 qps: 454.97 (r/w/o: 269.98/127.99/57.00) lat (ms,95%): 1427.08 err/s: 0.00 reconn/s: 0.00
[ 11s ] thds: 32 tps: 0.00 qps: 457.02 (r/w/o: 447.02/3.00/7.00) lat (ms,95%): 0.00 err/s: 0.00 reconn/s: 0.00
[ 12s ] thds: 32 tps: 32.00 qps: 447.95 (r/w/o: 258.97/124.99/63.99) lat (ms,95%): 1401.61 err/s: 0.00 reconn/s: 0.00
[ 13s ] thds: 32 tps: 32.00 qps: 454.06 (r/w/o: 262.03/128.02/64.01) lat (ms,95%): 1453.01 err/s: 0.00 reconn/s: 0.00
[ 14s ] thds: 32 tps: 0.00 qps: 447.99 (r/w/o: 374.99/73.00/0.00) lat (ms,95%): 0.00 err/s: 0.00 reconn/s: 0.00
[ 15s ] thds: 32 tps: 32.00 qps: 448.00 (r/w/o: 329.00/55.00/64.00) lat (ms,95%): 1427.08 err/s: 0.00 reconn/s: 0.00
[ 16s ] thds: 32 tps: 32.00 qps: 456.02 (r/w/o: 264.01/128.00/64.00) lat (ms,95%): 1401.61 err/s: 0.00 reconn/s: 0.00
[ 17s ] thds: 32 tps: 32.00 qps: 472.00 (r/w/o: 303.00/128.00/41.00) lat (ms,95%): 1401.61 err/s: 0.00 reconn/s: 0.00
[ 18s ] thds: 32 tps: 0.00 qps: 447.99 (r/w/o: 424.99/0.00/23.00) lat (ms,95%): 0.00 err/s: 0.00 reconn/s: 0.00
[ 19s ] thds: 32 tps: 31.99 qps: 447.87 (r/w/o: 255.92/127.96/63.98) lat (ms,95%): 1427.08 err/s: 0.00 reconn/s: 0.00
[ 20s ] thds: 32 tps: 32.01 qps: 451.15 (r/w/o: 259.09/128.04/64.02) lat (ms,95%): 1401.61 err/s: 0.00 reconn/s: 0.00
[ 21s ] thds: 32 tps: 0.00 qps: 477.00 (r/w/o: 404.00/73.00/0.00) lat (ms,95%): 0.00 err/s: 0.00 reconn/s: 0.00
[ 22s ] thds: 32 tps: 31.98 qps: 450.74 (r/w/o: 331.81/54.97/63.96) lat (ms,95%): 1401.61 err/s: 0.00 reconn/s: 0.00
[ 23s ] thds: 32 tps: 32.02 qps: 449.27 (r/w/o: 257.16/128.08/64.04) lat (ms,95%): 1453.01 err/s: 0.00 reconn/s: 0.00
[ 24s ] thds: 32 tps: 25.00 qps: 463.95 (r/w/o: 306.97/127.99/29.00) lat (ms,95%): 1401.61 err/s: 0.00 reconn/s: 0.00
[ 25s ] thds: 32 tps: 7.00 qps: 447.82 (r/w/o: 412.84/0.00/34.99) lat (ms,95%): 1401.61 err/s: 0.00 reconn/s: 0.00
[ 26s ] thds: 32 tps: 32.01 qps: 457.21 (r/w/o: 265.12/128.06/64.03) lat (ms,95%): 1401.61 err/s: 0.00 reconn/s: 0.00
[ 27s ] thds: 32 tps: 32.00 qps: 452.97 (r/w/o: 260.98/127.99/64.00) lat (ms,95%): 1401.61 err/s: 0.00 reconn/s: 0.00
[ 28s ] thds: 32 tps: 0.00 qps: 448.92 (r/w/o: 404.93/43.99/0.00) lat (ms,95%): 0.00 err/s: 0.00 reconn/s: 0.00
[ 29s ] thds: 32 tps: 32.00 qps: 448.07 (r/w/o: 300.05/84.01/64.01) lat (ms,95%): 1453.01 err/s: 0.00 reconn/s: 0.00
[ 30s ] thds: 32 tps: 32.00 qps: 460.05 (r/w/o: 268.03/128.01/64.01) lat (ms,95%): 1401.61 err/s: 0.00 reconn/s: 0.00
[ 31s ] thds: 32 tps: 10.00 qps: 467.98 (r/w/o: 327.99/128.00/12.00) lat (ms,95%): 1401.61 err/s: 0.00 reconn/s: 0.00
[ 32s ] thds: 32 tps: 22.00 qps: 448.01 (r/w/o: 396.01/0.00/52.00) lat (ms,95%): 1401.61 err/s: 0.00 reconn/s: 0.00
[ 33s ] thds: 32 tps: 32.00 qps: 447.97 (r/w/o: 255.98/127.99/64.00) lat (ms,95%): 1427.08 err/s: 0.00 reconn/s: 0.00
[ 34s ] thds: 32 tps: 32.00 qps: 460.01 (r/w/o: 268.01/128.00/64.00) lat (ms,95%): 1401.61 err/s: 0.00 reconn/s: 0.00
[ 35s ] thds: 32 tps: 0.00 qps: 448.01 (r/w/o: 424.01/24.00/0.00) lat (ms,95%): 0.00 err/s: 0.00 reconn/s: 0.00
[ 36s ] thds: 32 tps: 31.99 qps: 467.85 (r/w/o: 299.90/103.97/63.98) lat (ms,95%): 1401.61 err/s: 0.00 reconn/s: 0.00
[ 37s ] thds: 32 tps: 32.00 qps: 456.01 (r/w/o: 265.00/128.00/63.00) lat (ms,95%): 1401.61 err/s: 0.00 reconn/s: 0.00
[ 38s ] thds: 32 tps: 4.00 qps: 448.11 (r/w/o: 330.08/113.03/5.00) lat (ms,95%): 1427.08 err/s: 0.00 reconn/s: 0.00
[ 39s ] thds: 32 tps: 27.98 qps: 447.64 (r/w/o: 372.70/14.99/59.95) lat (ms,95%): 1427.08 err/s: 0.00 reconn/s: 0.00
[ 40s ] thds: 32 tps: 32.02 qps: 463.30 (r/w/o: 271.18/128.08/64.04) lat (ms,95%): 1401.61 err/s: 0.00 reconn/s: 0.00
[ 41s ] thds: 32 tps: 31.00 qps: 448.07 (r/w/o: 264.04/126.02/58.01) lat (ms,95%): 1427.08 err/s: 0.00 reconn/s: 0.00
[ 42s ] thds: 32 tps: 1.00 qps: 460.04 (r/w/o: 433.04/21.00/6.00) lat (ms,95%): 1376.60 err/s: 0.00 reconn/s: 0.00
[ 43s ] thds: 32 tps: 31.97 qps: 447.60 (r/w/o: 274.76/108.90/63.94) lat (ms,95%): 1401.61 err/s: 0.00 reconn/s: 0.00
[ 44s ] thds: 32 tps: 32.02 qps: 462.24 (r/w/o: 271.14/128.07/63.03) lat (ms,95%): 1427.08 err/s: 0.00 reconn/s: 0.00
[ 45s ] thds: 32 tps: 3.00 qps: 466.15 (r/w/o: 353.11/109.03/4.00) lat (ms,95%): 1401.61 err/s: 0.00 reconn/s: 0.00
[ 46s ] thds: 32 tps: 29.00 qps: 448.03 (r/w/o: 368.02/19.00/61.00) lat (ms,95%): 1401.61 err/s: 0.00 reconn/s: 0.00
[ 47s ] thds: 32 tps: 32.00 qps: 447.94 (r/w/o: 255.97/127.98/63.99) lat (ms,95%): 1427.08 err/s: 0.00 reconn/s: 0.00
[ 48s ] thds: 32 tps: 30.99 qps: 457.90 (r/w/o: 276.94/125.97/54.99) lat (ms,95%): 1427.08 err/s: 0.00 reconn/s: 0.00
[ 49s ] thds: 32 tps: 1.00 qps: 448.14 (r/w/o: 433.14/6.00/9.00) lat (ms,95%): 1401.61 err/s: 0.00 reconn/s: 0.00
[ 50s ] thds: 32 tps: 32.00 qps: 473.99 (r/w/o: 285.99/124.00/64.00) lat (ms,95%): 1401.61 err/s: 0.00 reconn/s: 0.00
[ 51s ] thds: 32 tps: 32.00 qps: 453.98 (r/w/o: 262.99/128.00/63.00) lat (ms,95%): 1427.08 err/s: 0.00 reconn/s: 0.00
[ 52s ] thds: 32 tps: 0.00 qps: 447.85 (r/w/o: 356.88/89.97/1.00) lat (ms,95%): 0.00 err/s: 0.00 reconn/s: 0.00
[ 53s ] thds: 32 tps: 32.01 qps: 448.18 (r/w/o: 346.14/38.01/64.03) lat (ms,95%): 1427.08 err/s: 0.00 reconn/s: 0.00
[ 54s ] thds: 32 tps: 32.00 qps: 447.97 (r/w/o: 255.98/127.99/64.00) lat (ms,95%): 1453.01 err/s: 0.00 reconn/s: 0.00
[ 55s ] thds: 32 tps: 24.00 qps: 450.00 (r/w/o: 295.00/125.00/30.00) lat (ms,95%): 1427.08 err/s: 0.00 reconn/s: 0.00
[ 56s ] thds: 32 tps: 8.00 qps: 452.01 (r/w/o: 415.01/3.00/34.00) lat (ms,95%): 1427.08 err/s: 0.00 reconn/s: 0.00
[ 57s ] thds: 32 tps: 31.99 qps: 456.88 (r/w/o: 264.93/127.97/63.98) lat (ms,95%): 1427.08 err/s: 0.00 reconn/s: 0.00
[ 58s ] thds: 32 tps: 30.00 qps: 437.06 (r/w/o: 251.03/127.02/59.01) lat (ms,95%): 1453.01 err/s: 0.00 reconn/s: 0.00
[ 59s ] thds: 32 tps: 2.00 qps: 454.74 (r/w/o: 407.77/41.98/5.00) lat (ms,95%): 1708.63 err/s: 0.00 reconn/s: 0.00
[ 60s ] thds: 32 tps: 32.01 qps: 473.21 (r/w/o: 322.15/87.04/64.03) lat (ms,95%): 1401.61 err/s: 0.00 reconn/s: 0.00
SQL statistics:
    queries performed:
        read:                            19264
        write:                           5504
        other:                           2752
        total:                           27520
    transactions:                        1376   (22.60 per sec.)
    queries:                             27520  (452.02 per sec.)
    ignored errors:                      0      (0.00 per sec.)
    reconnects:                          0      (0.00 per sec.)

General statistics:
    total time:                          60.8817s
    total number of events:              1376

Latency (ms):
         min:                                 1375.61
         avg:                                 1410.37
         max:                                 1705.75
         95th percentile:                     1453.01
         sum:                              1940675.56

Threads fairness:
    events (avg/stddev):           43.0000/0.00
    execution time (avg/stddev):   60.6461/0.08

