sysbench 1.0.18 (using system LuaJIT 2.1.0-beta3)

Running the test with following options:
Number of threads: 32
Report intermediate results every 1 second(s)
Initializing random number generator from current time


Initializing worker threads...

Threads started!

[ 1s ] thds: 32 tps: 0.00 qps: 415.18 (r/w/o: 383.24/0.00/31.94) lat (ms,95%): 0.00 err/s: 0.00 reconn/s: 0.00
[ 2s ] thds: 32 tps: 31.99 qps: 447.86 (r/w/o: 255.92/127.96/63.98) lat (ms,95%): 1479.41 err/s: 0.00 reconn/s: 0.00
[ 3s ] thds: 32 tps: 32.02 qps: 453.22 (r/w/o: 261.13/128.06/64.03) lat (ms,95%): 1401.61 err/s: 0.00 reconn/s: 0.00
[ 4s ] thds: 32 tps: 0.00 qps: 449.94 (r/w/o: 442.94/7.00/0.00) lat (ms,95%): 0.00 err/s: 0.00 reconn/s: 0.00
[ 5s ] thds: 32 tps: 32.01 qps: 454.09 (r/w/o: 269.05/121.02/64.01) lat (ms,95%): 1427.08 err/s: 0.00 reconn/s: 0.00
[ 6s ] thds: 32 tps: 32.00 qps: 466.05 (r/w/o: 274.03/128.01/64.01) lat (ms,95%): 1427.08 err/s: 0.00 reconn/s: 0.00
[ 7s ] thds: 32 tps: 0.00 qps: 424.01 (r/w/o: 353.01/71.00/0.00) lat (ms,95%): 0.00 err/s: 0.00 reconn/s: 0.00
[ 8s ] thds: 32 tps: 31.96 qps: 447.38 (r/w/o: 326.55/56.92/63.91) lat (ms,95%): 1453.01 err/s: 0.00 reconn/s: 0.00
[ 9s ] thds: 32 tps: 32.04 qps: 466.65 (r/w/o: 274.38/128.18/64.09) lat (ms,95%): 1427.08 err/s: 0.00 reconn/s: 0.00
[ 10s ] thds: 32 tps: 19.99 qps: 447.70 (r/w/o: 294.80/127.91/24.98) lat (ms,95%): 1427.08 err/s: 0.00 reconn/s: 0.00
[ 11s ] thds: 32 tps: 12.01 qps: 449.26 (r/w/o: 410.23/0.00/39.02) lat (ms,95%): 1427.08 err/s: 0.00 reconn/s: 0.00
[ 12s ] thds: 32 tps: 31.99 qps: 419.91 (r/w/o: 227.95/127.97/63.99) lat (ms,95%): 1479.41 err/s: 0.00 reconn/s: 0.00
[ 13s ] thds: 32 tps: 0.00 qps: 275.03 (r/w/o: 258.03/17.00/0.00) lat (ms,95%): 0.00 err/s: 0.00 reconn/s: 0.00
[ 14s ] thds: 32 tps: 31.99 qps: 336.86 (r/w/o: 161.93/110.95/63.97) lat (ms,95%): 2045.74 err/s: 0.00 reconn/s: 0.00
[ 15s ] thds: 32 tps: 2.00 qps: 392.23 (r/w/o: 286.17/104.06/2.00) lat (ms,95%): 1678.14 err/s: 0.00 reconn/s: 0.00
[ 16s ] thds: 32 tps: 30.00 qps: 447.93 (r/w/o: 361.95/24.00/61.99) lat (ms,95%): 1739.68 err/s: 0.00 reconn/s: 0.00
[ 17s ] thds: 32 tps: 32.01 qps: 448.07 (r/w/o: 256.04/128.02/64.01) lat (ms,95%): 1401.61 err/s: 0.00 reconn/s: 0.00
[ 18s ] thds: 32 tps: 32.00 qps: 467.94 (r/w/o: 285.96/127.98/53.99) lat (ms,95%): 1401.61 err/s: 0.00 reconn/s: 0.00
[ 19s ] thds: 32 tps: 0.00 qps: 449.91 (r/w/o: 431.91/8.00/10.00) lat (ms,95%): 0.00 err/s: 0.00 reconn/s: 0.00
[ 20s ] thds: 32 tps: 32.00 qps: 458.07 (r/w/o: 274.04/120.02/64.01) lat (ms,95%): 1401.61 err/s: 0.00 reconn/s: 0.00
[ 21s ] thds: 32 tps: 31.98 qps: 449.71 (r/w/o: 257.83/127.92/63.96) lat (ms,95%): 1401.61 err/s: 0.00 reconn/s: 0.00
[ 22s ] thds: 32 tps: 0.00 qps: 399.24 (r/w/o: 372.22/27.02/0.00) lat (ms,95%): 0.00 err/s: 0.00 reconn/s: 0.00
[ 23s ] thds: 32 tps: 32.01 qps: 426.12 (r/w/o: 261.07/101.03/64.02) lat (ms,95%): 1589.90 err/s: 0.00 reconn/s: 0.00
[ 24s ] thds: 32 tps: 32.00 qps: 461.00 (r/w/o: 269.00/128.00/64.00) lat (ms,95%): 1479.41 err/s: 0.00 reconn/s: 0.00
[ 25s ] thds: 32 tps: 0.00 qps: 448.83 (r/w/o: 365.86/82.97/0.00) lat (ms,95%): 0.00 err/s: 0.00 reconn/s: 0.00
[ 26s ] thds: 32 tps: 32.01 qps: 454.09 (r/w/o: 345.07/45.01/64.01) lat (ms,95%): 1427.08 err/s: 0.00 reconn/s: 0.00
[ 27s ] thds: 32 tps: 32.00 qps: 442.04 (r/w/o: 250.02/128.01/64.01) lat (ms,95%): 1401.61 err/s: 0.00 reconn/s: 0.00
[ 28s ] thds: 32 tps: 0.00 qps: 393.78 (r/w/o: 300.83/92.95/0.00) lat (ms,95%): 0.00 err/s: 0.00 reconn/s: 0.00
[ 29s ] thds: 32 tps: 32.02 qps: 457.22 (r/w/o: 358.17/35.02/64.03) lat (ms,95%): 1589.90 err/s: 0.00 reconn/s: 0.00
[ 30s ] thds: 32 tps: 32.00 qps: 460.95 (r/w/o: 268.97/127.99/63.99) lat (ms,95%): 1401.61 err/s: 0.00 reconn/s: 0.00
[ 31s ] thds: 32 tps: 29.00 qps: 439.07 (r/w/o: 271.04/128.02/40.01) lat (ms,95%): 1479.41 err/s: 0.00 reconn/s: 0.00
[ 32s ] thds: 32 tps: 3.00 qps: 398.00 (r/w/o: 374.00/0.00/24.00) lat (ms,95%): 1506.29 err/s: 0.00 reconn/s: 0.00
[ 33s ] thds: 32 tps: 32.00 qps: 416.04 (r/w/o: 224.02/128.01/64.01) lat (ms,95%): 1533.66 err/s: 0.00 reconn/s: 0.00
[ 34s ] thds: 32 tps: 21.00 qps: 448.01 (r/w/o: 296.01/127.00/25.00) lat (ms,95%): 1506.29 err/s: 0.00 reconn/s: 0.00
[ 35s ] thds: 32 tps: 10.99 qps: 447.61 (r/w/o: 407.64/1.00/38.97) lat (ms,95%): 1506.29 err/s: 0.00 reconn/s: 0.00
[ 36s ] thds: 32 tps: 32.02 qps: 418.26 (r/w/o: 226.14/128.08/64.04) lat (ms,95%): 1561.52 err/s: 0.00 reconn/s: 0.00
[ 37s ] thds: 32 tps: 31.01 qps: 448.09 (r/w/o: 268.05/128.03/52.01) lat (ms,95%): 1427.08 err/s: 0.00 reconn/s: 0.00
[ 38s ] thds: 32 tps: 1.00 qps: 447.86 (r/w/o: 429.87/6.00/12.00) lat (ms,95%): 1427.08 err/s: 0.00 reconn/s: 0.00
[ 39s ] thds: 32 tps: 32.01 qps: 470.13 (r/w/o: 284.08/122.03/64.02) lat (ms,95%): 1401.61 err/s: 0.00 reconn/s: 0.00
[ 40s ] thds: 32 tps: 32.00 qps: 458.02 (r/w/o: 266.01/128.01/64.00) lat (ms,95%): 1401.61 err/s: 0.00 reconn/s: 0.00
[ 41s ] thds: 32 tps: 1.00 qps: 447.66 (r/w/o: 357.73/88.93/1.00) lat (ms,95%): 1427.08 err/s: 0.00 reconn/s: 0.00
[ 42s ] thds: 32 tps: 31.01 qps: 448.13 (r/w/o: 346.10/39.01/63.02) lat (ms,95%): 1401.61 err/s: 0.00 reconn/s: 0.00
[ 43s ] thds: 32 tps: 31.99 qps: 380.86 (r/w/o: 189.93/127.95/62.98) lat (ms,95%): 1589.90 err/s: 0.00 reconn/s: 0.00
[ 44s ] thds: 32 tps: 0.00 qps: 340.25 (r/w/o: 334.25/5.00/1.00) lat (ms,95%): 0.00 err/s: 0.00 reconn/s: 0.00
[ 45s ] thds: 32 tps: 31.99 qps: 393.83 (r/w/o: 206.91/122.95/63.97) lat (ms,95%): 1739.68 err/s: 0.00 reconn/s: 0.00
[ 46s ] thds: 32 tps: 16.00 qps: 402.92 (r/w/o: 266.95/114.98/21.00) lat (ms,95%): 1618.78 err/s: 0.00 reconn/s: 0.00
[ 47s ] thds: 32 tps: 16.01 qps: 395.16 (r/w/o: 339.14/13.01/43.02) lat (ms,95%): 1739.68 err/s: 0.00 reconn/s: 0.00
[ 48s ] thds: 32 tps: 32.01 qps: 429.09 (r/w/o: 238.05/128.03/63.01) lat (ms,95%): 1618.78 err/s: 0.00 reconn/s: 0.00
[ 49s ] thds: 32 tps: 14.00 qps: 449.94 (r/w/o: 318.96/111.99/19.00) lat (ms,95%): 1401.61 err/s: 0.00 reconn/s: 0.00
[ 50s ] thds: 32 tps: 18.00 qps: 454.11 (r/w/o: 391.09/17.00/46.01) lat (ms,95%): 1401.61 err/s: 0.00 reconn/s: 0.00
[ 51s ] thds: 32 tps: 32.00 qps: 461.00 (r/w/o: 270.00/127.00/64.00) lat (ms,95%): 1427.08 err/s: 0.00 reconn/s: 0.00
[ 52s ] thds: 32 tps: 24.99 qps: 415.77 (r/w/o: 245.87/123.93/45.97) lat (ms,95%): 1479.41 err/s: 0.00 reconn/s: 0.00
[ 53s ] thds: 32 tps: 7.00 qps: 454.09 (r/w/o: 419.08/17.00/18.00) lat (ms,95%): 1479.41 err/s: 0.00 reconn/s: 0.00
[ 54s ] thds: 32 tps: 32.01 qps: 474.12 (r/w/o: 295.07/115.03/64.02) lat (ms,95%): 1453.01 err/s: 0.00 reconn/s: 0.00
[ 55s ] thds: 32 tps: 31.00 qps: 448.05 (r/w/o: 258.03/128.01/62.01) lat (ms,95%): 1427.08 err/s: 0.00 reconn/s: 0.00
[ 56s ] thds: 32 tps: 3.00 qps: 447.97 (r/w/o: 358.98/84.99/4.00) lat (ms,95%): 1427.08 err/s: 0.00 reconn/s: 0.00
[ 57s ] thds: 32 tps: 29.99 qps: 388.91 (r/w/o: 283.93/42.99/61.99) lat (ms,95%): 1427.08 err/s: 0.00 reconn/s: 0.00
[ 58s ] thds: 32 tps: 30.99 qps: 447.88 (r/w/o: 257.93/127.96/61.98) lat (ms,95%): 1561.52 err/s: 0.00 reconn/s: 0.00
[ 59s ] thds: 32 tps: 1.00 qps: 416.25 (r/w/o: 352.21/62.04/2.00) lat (ms,95%): 1533.66 err/s: 0.00 reconn/s: 0.00
[ 60s ] thds: 32 tps: 31.98 qps: 396.79 (r/w/o: 266.86/65.96/63.97) lat (ms,95%): 1506.29 err/s: 0.00 reconn/s: 0.00
[ 61s ] thds: 29 tps: 15.01 qps: 317.18 (r/w/o: 185.10/117.06/15.01) lat (ms,95%): 1803.47 err/s: 0.00 reconn/s: 0.00
SQL statistics:
    queries performed:
        read:                            18368
        write:                           5248
        other:                           2624
        total:                           26240
    transactions:                        1312   (21.38 per sec.)
    queries:                             26240  (427.63 per sec.)
    ignored errors:                      0      (0.00 per sec.)
    reconnects:                          0      (0.00 per sec.)

General statistics:
    total time:                          61.3595s
    total number of events:              1312

Latency (ms):
         min:                                 1380.58
         avg:                                 1488.11
         max:                                 2050.13
         95th percentile:                     1771.29
         sum:                              1952402.46

Threads fairness:
    events (avg/stddev):           41.0000/0.00
    execution time (avg/stddev):   61.0126/0.11

