sysbench 1.0.18 (using system LuaJIT 2.1.0-beta3)

Running the test with following options:
Number of threads: 32
Report intermediate results every 1 second(s)
Initializing random number generator from current time


Initializing worker threads...

Threads started!

[ 1s ] thds: 32 tps: 0.00 qps: 414.98 (r/w/o: 383.06/0.00/31.92) lat (ms,95%): 0.00 err/s: 0.00 reconn/s: 0.00
[ 2s ] thds: 32 tps: 32.03 qps: 432.45 (r/w/o: 240.25/128.13/64.07) lat (ms,95%): 1533.66 err/s: 0.00 reconn/s: 0.00
[ 3s ] thds: 32 tps: 31.99 qps: 431.80 (r/w/o: 271.88/127.94/31.99) lat (ms,95%): 1479.41 err/s: 0.00 reconn/s: 0.00
[ 4s ] thds: 32 tps: 0.00 qps: 384.06 (r/w/o: 352.06/0.00/32.01) lat (ms,95%): 0.00 err/s: 0.00 reconn/s: 0.00
[ 5s ] thds: 32 tps: 31.99 qps: 356.91 (r/w/o: 164.96/127.97/63.98) lat (ms,95%): 1739.68 err/s: 0.00 reconn/s: 0.00
[ 6s ] thds: 32 tps: 0.00 qps: 458.03 (r/w/o: 379.03/79.01/0.00) lat (ms,95%): 0.00 err/s: 0.00 reconn/s: 0.00
[ 7s ] thds: 32 tps: 32.02 qps: 455.25 (r/w/o: 342.19/49.03/64.03) lat (ms,95%): 1453.01 err/s: 0.00 reconn/s: 0.00
[ 8s ] thds: 32 tps: 31.99 qps: 452.93 (r/w/o: 260.96/127.98/63.99) lat (ms,95%): 1401.61 err/s: 0.00 reconn/s: 0.00
[ 9s ] thds: 32 tps: 3.00 qps: 420.98 (r/w/o: 292.99/124.99/3.00) lat (ms,95%): 1479.41 err/s: 0.00 reconn/s: 0.00
[ 10s ] thds: 32 tps: 29.01 qps: 470.08 (r/w/o: 406.07/3.00/61.01) lat (ms,95%): 1506.29 err/s: 0.00 reconn/s: 0.00
[ 11s ] thds: 32 tps: 31.99 qps: 457.91 (r/w/o: 265.95/127.98/63.99) lat (ms,95%): 1376.60 err/s: 0.00 reconn/s: 0.00
[ 12s ] thds: 32 tps: 32.00 qps: 457.01 (r/w/o: 265.01/128.00/64.00) lat (ms,95%): 1427.08 err/s: 0.00 reconn/s: 0.00
[ 13s ] thds: 32 tps: 0.00 qps: 448.78 (r/w/o: 406.80/41.98/0.00) lat (ms,95%): 0.00 err/s: 0.00 reconn/s: 0.00
[ 14s ] thds: 32 tps: 32.01 qps: 448.18 (r/w/o: 298.12/86.03/64.03) lat (ms,95%): 1427.08 err/s: 0.00 reconn/s: 0.00
[ 15s ] thds: 32 tps: 31.98 qps: 447.75 (r/w/o: 255.86/127.93/63.96) lat (ms,95%): 1427.08 err/s: 0.00 reconn/s: 0.00
[ 16s ] thds: 32 tps: 2.00 qps: 458.36 (r/w/o: 342.27/114.09/2.00) lat (ms,95%): 1401.61 err/s: 0.00 reconn/s: 0.00
[ 17s ] thds: 32 tps: 30.00 qps: 463.96 (r/w/o: 387.97/14.00/61.99) lat (ms,95%): 1427.08 err/s: 0.00 reconn/s: 0.00
[ 18s ] thds: 32 tps: 32.00 qps: 447.99 (r/w/o: 255.99/128.00/64.00) lat (ms,95%): 1427.08 err/s: 0.00 reconn/s: 0.00
[ 19s ] thds: 32 tps: 32.00 qps: 431.01 (r/w/o: 254.00/128.00/49.00) lat (ms,95%): 1479.41 err/s: 0.00 reconn/s: 0.00
[ 20s ] thds: 32 tps: 0.00 qps: 427.98 (r/w/o: 412.98/0.00/15.00) lat (ms,95%): 0.00 err/s: 0.00 reconn/s: 0.00
[ 21s ] thds: 32 tps: 31.99 qps: 401.92 (r/w/o: 209.96/127.98/63.99) lat (ms,95%): 1533.66 err/s: 0.00 reconn/s: 0.00
[ 22s ] thds: 32 tps: 31.01 qps: 444.14 (r/w/o: 271.09/126.04/47.02) lat (ms,95%): 1506.29 err/s: 0.00 reconn/s: 0.00
[ 23s ] thds: 32 tps: 1.00 qps: 461.96 (r/w/o: 437.96/7.00/17.00) lat (ms,95%): 1739.68 err/s: 0.00 reconn/s: 0.00
[ 24s ] thds: 32 tps: 32.00 qps: 466.05 (r/w/o: 279.03/123.01/64.01) lat (ms,95%): 1401.61 err/s: 0.00 reconn/s: 0.00
[ 25s ] thds: 32 tps: 31.99 qps: 461.90 (r/w/o: 269.94/127.97/63.99) lat (ms,95%): 1401.61 err/s: 0.00 reconn/s: 0.00
[ 26s ] thds: 32 tps: 0.00 qps: 449.08 (r/w/o: 357.07/92.02/0.00) lat (ms,95%): 0.00 err/s: 0.00 reconn/s: 0.00
[ 27s ] thds: 32 tps: 32.00 qps: 464.97 (r/w/o: 364.98/36.00/64.00) lat (ms,95%): 1401.61 err/s: 0.00 reconn/s: 0.00
[ 28s ] thds: 32 tps: 32.00 qps: 448.00 (r/w/o: 256.00/128.00/64.00) lat (ms,95%): 1401.61 err/s: 0.00 reconn/s: 0.00
[ 29s ] thds: 32 tps: 30.98 qps: 460.66 (r/w/o: 281.79/126.91/51.96) lat (ms,95%): 1401.61 err/s: 0.00 reconn/s: 0.00
[ 30s ] thds: 32 tps: 1.00 qps: 467.31 (r/w/o: 438.29/17.01/12.01) lat (ms,95%): 1376.60 err/s: 0.00 reconn/s: 0.00
[ 31s ] thds: 32 tps: 32.01 qps: 461.08 (r/w/o: 285.05/112.02/64.01) lat (ms,95%): 1401.61 err/s: 0.00 reconn/s: 0.00
[ 32s ] thds: 32 tps: 32.00 qps: 452.99 (r/w/o: 261.00/128.00/64.00) lat (ms,95%): 1401.61 err/s: 0.00 reconn/s: 0.00
[ 33s ] thds: 32 tps: 0.00 qps: 447.94 (r/w/o: 352.95/94.99/0.00) lat (ms,95%): 0.00 err/s: 0.00 reconn/s: 0.00
[ 34s ] thds: 32 tps: 32.00 qps: 475.07 (r/w/o: 378.06/33.01/64.01) lat (ms,95%): 1401.61 err/s: 0.00 reconn/s: 0.00
[ 35s ] thds: 32 tps: 32.00 qps: 450.01 (r/w/o: 258.00/128.00/64.00) lat (ms,95%): 1427.08 err/s: 0.00 reconn/s: 0.00
[ 36s ] thds: 32 tps: 20.00 qps: 412.02 (r/w/o: 260.01/126.01/26.00) lat (ms,95%): 1506.29 err/s: 0.00 reconn/s: 0.00
[ 37s ] thds: 32 tps: 11.99 qps: 411.79 (r/w/o: 371.81/2.00/37.98) lat (ms,95%): 1479.41 err/s: 0.00 reconn/s: 0.00
[ 38s ] thds: 32 tps: 32.01 qps: 331.12 (r/w/o: 140.05/128.05/63.02) lat (ms,95%): 1739.68 err/s: 0.00 reconn/s: 0.00
[ 39s ] thds: 32 tps: 0.00 qps: 456.00 (r/w/o: 384.00/71.00/1.00) lat (ms,95%): 0.00 err/s: 0.00 reconn/s: 0.00
[ 40s ] thds: 32 tps: 31.99 qps: 458.89 (r/w/o: 337.92/56.99/63.98) lat (ms,95%): 1506.29 err/s: 0.00 reconn/s: 0.00
[ 41s ] thds: 32 tps: 32.01 qps: 448.13 (r/w/o: 256.08/128.04/64.02) lat (ms,95%): 1401.61 err/s: 0.00 reconn/s: 0.00
[ 42s ] thds: 32 tps: 27.00 qps: 458.02 (r/w/o: 302.01/126.00/30.00) lat (ms,95%): 1427.08 err/s: 0.00 reconn/s: 0.00
[ 43s ] thds: 32 tps: 5.00 qps: 464.98 (r/w/o: 427.98/3.00/34.00) lat (ms,95%): 1533.66 err/s: 0.00 reconn/s: 0.00
[ 44s ] thds: 32 tps: 31.98 qps: 453.75 (r/w/o: 262.85/126.93/63.96) lat (ms,95%): 1427.08 err/s: 0.00 reconn/s: 0.00
[ 45s ] thds: 32 tps: 32.01 qps: 452.16 (r/w/o: 260.09/128.05/64.02) lat (ms,95%): 1401.61 err/s: 0.00 reconn/s: 0.00
[ 46s ] thds: 32 tps: 0.00 qps: 449.85 (r/w/o: 392.87/56.98/0.00) lat (ms,95%): 0.00 err/s: 0.00 reconn/s: 0.00
[ 47s ] thds: 32 tps: 32.01 qps: 448.10 (r/w/o: 313.07/71.02/64.01) lat (ms,95%): 1401.61 err/s: 0.00 reconn/s: 0.00
[ 48s ] thds: 32 tps: 32.01 qps: 463.11 (r/w/o: 271.06/128.03/64.01) lat (ms,95%): 1427.08 err/s: 0.00 reconn/s: 0.00
[ 49s ] thds: 32 tps: 15.99 qps: 454.82 (r/w/o: 311.88/124.95/17.99) lat (ms,95%): 1401.61 err/s: 0.00 reconn/s: 0.00
[ 50s ] thds: 32 tps: 16.01 qps: 464.20 (r/w/o: 415.18/3.00/46.02) lat (ms,95%): 1427.08 err/s: 0.00 reconn/s: 0.00
[ 51s ] thds: 32 tps: 32.00 qps: 448.97 (r/w/o: 256.99/127.99/64.00) lat (ms,95%): 1427.08 err/s: 0.00 reconn/s: 0.00
[ 52s ] thds: 32 tps: 31.99 qps: 428.89 (r/w/o: 239.94/127.97/60.98) lat (ms,95%): 1453.01 err/s: 0.00 reconn/s: 0.00
[ 53s ] thds: 32 tps: 0.00 qps: 423.01 (r/w/o: 419.01/1.00/3.00) lat (ms,95%): 0.00 err/s: 0.00 reconn/s: 0.00
[ 54s ] thds: 32 tps: 32.01 qps: 417.10 (r/w/o: 226.05/127.03/64.01) lat (ms,95%): 1533.66 err/s: 0.00 reconn/s: 0.00
[ 55s ] thds: 32 tps: 32.00 qps: 451.04 (r/w/o: 261.02/128.01/62.00) lat (ms,95%): 1506.29 err/s: 0.00 reconn/s: 0.00
[ 56s ] thds: 32 tps: 0.00 qps: 447.79 (r/w/o: 419.80/25.99/2.00) lat (ms,95%): 0.00 err/s: 0.00 reconn/s: 0.00
[ 57s ] thds: 32 tps: 32.02 qps: 455.22 (r/w/o: 289.14/102.05/64.03) lat (ms,95%): 1401.61 err/s: 0.00 reconn/s: 0.00
[ 58s ] thds: 32 tps: 32.00 qps: 454.95 (r/w/o: 262.97/127.98/63.99) lat (ms,95%): 1401.61 err/s: 0.00 reconn/s: 0.00
[ 59s ] thds: 32 tps: 5.00 qps: 470.03 (r/w/o: 346.02/119.01/5.00) lat (ms,95%): 1401.61 err/s: 0.00 reconn/s: 0.00
[ 60s ] thds: 32 tps: 27.00 qps: 451.07 (r/w/o: 383.06/9.00/59.01) lat (ms,95%): 1401.61 err/s: 0.00 reconn/s: 0.00
SQL statistics:
    queries performed:
        read:                            18816
        write:                           5376
        other:                           2688
        total:                           26880
    transactions:                        1344   (22.20 per sec.)
    queries:                             26880  (444.02 per sec.)
    ignored errors:                      0      (0.00 per sec.)
    reconnects:                          0      (0.00 per sec.)

General statistics:
    total time:                          60.5370s
    total number of events:              1344

Latency (ms):
         min:                                 1372.59
         avg:                                 1439.53
         max:                                 1770.61
         95th percentile:                     1533.66
         sum:                              1934733.01

Threads fairness:
    events (avg/stddev):           42.0000/0.00
    execution time (avg/stddev):   60.4604/0.05

