sysbench 1.0.18 (using system LuaJIT 2.1.0-beta3)

Running the test with following options:
Number of threads: 32
Report intermediate results every 1 second(s)
Initializing random number generator from current time


Initializing worker threads...

Threads started!

[ 1s ] thds: 32 tps: 0.00 qps: 411.24 (r/w/o: 379.30/0.00/31.94) lat (ms,95%): 0.00 err/s: 0.00 reconn/s: 0.00
[ 2s ] thds: 32 tps: 32.01 qps: 438.15 (r/w/o: 246.09/128.04/64.02) lat (ms,95%): 1678.14 err/s: 0.00 reconn/s: 0.00
[ 3s ] thds: 32 tps: 27.00 qps: 445.01 (r/w/o: 270.01/121.00/54.00) lat (ms,95%): 1401.61 err/s: 0.00 reconn/s: 0.00
[ 4s ] thds: 32 tps: 5.00 qps: 448.01 (r/w/o: 431.01/7.00/10.00) lat (ms,95%): 1618.78 err/s: 0.00 reconn/s: 0.00
[ 5s ] thds: 32 tps: 31.99 qps: 462.82 (r/w/o: 270.90/127.95/63.98) lat (ms,95%): 1401.61 err/s: 0.00 reconn/s: 0.00
[ 6s ] thds: 32 tps: 31.01 qps: 448.14 (r/w/o: 260.08/127.04/61.02) lat (ms,95%): 1453.01 err/s: 0.00 reconn/s: 0.00
[ 7s ] thds: 32 tps: 1.00 qps: 448.01 (r/w/o: 378.01/67.00/3.00) lat (ms,95%): 1401.61 err/s: 0.00 reconn/s: 0.00
[ 8s ] thds: 32 tps: 32.00 qps: 476.02 (r/w/o: 350.01/62.00/64.00) lat (ms,95%): 1401.61 err/s: 0.00 reconn/s: 0.00
[ 9s ] thds: 32 tps: 31.97 qps: 451.62 (r/w/o: 259.78/127.89/63.95) lat (ms,95%): 1401.61 err/s: 0.00 reconn/s: 0.00
[ 10s ] thds: 32 tps: 27.01 qps: 450.11 (r/w/o: 290.07/120.03/40.01) lat (ms,95%): 1401.61 err/s: 0.00 reconn/s: 0.00
[ 11s ] thds: 32 tps: 5.00 qps: 458.26 (r/w/o: 422.24/12.01/24.01) lat (ms,95%): 1401.61 err/s: 0.00 reconn/s: 0.00
[ 12s ] thds: 32 tps: 31.99 qps: 467.85 (r/w/o: 279.91/123.96/63.98) lat (ms,95%): 1401.61 err/s: 0.00 reconn/s: 0.00
[ 13s ] thds: 32 tps: 31.01 qps: 456.11 (r/w/o: 268.07/127.03/61.02) lat (ms,95%): 1401.61 err/s: 0.00 reconn/s: 0.00
[ 14s ] thds: 32 tps: 1.00 qps: 457.96 (r/w/o: 370.96/83.99/3.00) lat (ms,95%): 1401.61 err/s: 0.00 reconn/s: 0.00
[ 15s ] thds: 32 tps: 31.99 qps: 456.81 (r/w/o: 347.86/44.98/63.97) lat (ms,95%): 1401.61 err/s: 0.00 reconn/s: 0.00
[ 16s ] thds: 32 tps: 32.01 qps: 468.16 (r/w/o: 276.09/128.04/64.02) lat (ms,95%): 1427.08 err/s: 0.00 reconn/s: 0.00
[ 17s ] thds: 32 tps: 28.01 qps: 448.11 (r/w/o: 279.07/122.03/47.01) lat (ms,95%): 1427.08 err/s: 0.00 reconn/s: 0.00
[ 18s ] thds: 32 tps: 4.00 qps: 459.83 (r/w/o: 427.84/14.99/16.99) lat (ms,95%): 1401.61 err/s: 0.00 reconn/s: 0.00
[ 19s ] thds: 32 tps: 32.02 qps: 448.21 (r/w/o: 265.13/119.06/64.03) lat (ms,95%): 1401.61 err/s: 0.00 reconn/s: 0.00
[ 20s ] thds: 32 tps: 31.00 qps: 474.97 (r/w/o: 285.98/127.99/61.00) lat (ms,95%): 1427.08 err/s: 0.00 reconn/s: 0.00
[ 21s ] thds: 32 tps: 1.00 qps: 426.98 (r/w/o: 355.99/68.00/3.00) lat (ms,95%): 1401.61 err/s: 0.00 reconn/s: 0.00
[ 22s ] thds: 32 tps: 31.98 qps: 473.63 (r/w/o: 349.73/59.95/63.95) lat (ms,95%): 1453.01 err/s: 0.00 reconn/s: 0.00
[ 23s ] thds: 32 tps: 32.02 qps: 450.29 (r/w/o: 258.17/128.08/64.04) lat (ms,95%): 1427.08 err/s: 0.00 reconn/s: 0.00
[ 24s ] thds: 32 tps: 25.00 qps: 448.08 (r/w/o: 293.05/121.02/34.01) lat (ms,95%): 1427.08 err/s: 0.00 reconn/s: 0.00
[ 25s ] thds: 32 tps: 7.00 qps: 384.01 (r/w/o: 347.01/7.00/30.00) lat (ms,95%): 1427.08 err/s: 0.00 reconn/s: 0.00
[ 26s ] thds: 32 tps: 0.00 qps: 94.00 (r/w/o: 73.00/21.00/0.00) lat (ms,95%): 0.00 err/s: 0.00 reconn/s: 0.00
[ 27s ] thds: 32 tps: 26.99 qps: 273.90 (r/w/o: 121.95/98.96/52.98) lat (ms,95%): 2880.27 err/s: 0.00 reconn/s: 0.00
[ 28s ] thds: 32 tps: 5.00 qps: 338.12 (r/w/o: 295.11/32.01/11.00) lat (ms,95%): 3208.88 err/s: 0.00 reconn/s: 0.00
[ 29s ] thds: 32 tps: 31.00 qps: 458.94 (r/w/o: 294.96/101.99/61.99) lat (ms,95%): 2045.74 err/s: 0.00 reconn/s: 0.00
[ 30s ] thds: 32 tps: 28.00 qps: 447.97 (r/w/o: 274.98/119.99/53.00) lat (ms,95%): 1427.08 err/s: 0.00 reconn/s: 0.00
[ 31s ] thds: 32 tps: 5.00 qps: 400.98 (r/w/o: 339.99/48.00/13.00) lat (ms,95%): 1561.52 err/s: 0.00 reconn/s: 0.00
[ 32s ] thds: 32 tps: 31.00 qps: 469.08 (r/w/o: 318.05/89.01/62.01) lat (ms,95%): 1506.29 err/s: 0.00 reconn/s: 0.00
[ 33s ] thds: 32 tps: 30.00 qps: 457.01 (r/w/o: 276.00/123.00/58.00) lat (ms,95%): 1401.61 err/s: 0.00 reconn/s: 0.00
[ 34s ] thds: 32 tps: 16.00 qps: 448.02 (r/w/o: 334.01/86.00/28.00) lat (ms,95%): 1427.08 err/s: 0.00 reconn/s: 0.00
[ 35s ] thds: 32 tps: 19.00 qps: 449.99 (r/w/o: 354.99/52.00/43.00) lat (ms,95%): 1427.08 err/s: 0.00 reconn/s: 0.00
[ 36s ] thds: 32 tps: 31.00 qps: 445.95 (r/w/o: 264.97/119.99/60.99) lat (ms,95%): 1427.08 err/s: 0.00 reconn/s: 0.00
[ 37s ] thds: 32 tps: 18.99 qps: 449.87 (r/w/o: 304.91/108.97/35.99) lat (ms,95%): 1479.41 err/s: 0.00 reconn/s: 0.00
[ 38s ] thds: 32 tps: 14.01 qps: 447.18 (r/w/o: 367.15/48.02/32.01) lat (ms,95%): 1453.01 err/s: 0.00 reconn/s: 0.00
[ 39s ] thds: 32 tps: 31.00 qps: 472.99 (r/w/o: 310.99/101.00/61.00) lat (ms,95%): 1401.61 err/s: 0.00 reconn/s: 0.00
[ 40s ] thds: 32 tps: 28.00 qps: 448.01 (r/w/o: 273.01/119.00/56.00) lat (ms,95%): 1401.61 err/s: 0.00 reconn/s: 0.00
[ 41s ] thds: 32 tps: 12.00 qps: 449.99 (r/w/o: 349.99/77.00/23.00) lat (ms,95%): 1401.61 err/s: 0.00 reconn/s: 0.00
[ 42s ] thds: 32 tps: 24.00 qps: 458.97 (r/w/o: 346.97/62.00/50.00) lat (ms,95%): 1401.61 err/s: 0.00 reconn/s: 0.00
[ 43s ] thds: 32 tps: 31.00 qps: 469.00 (r/w/o: 286.00/122.00/61.00) lat (ms,95%): 1401.61 err/s: 0.00 reconn/s: 0.00
[ 44s ] thds: 32 tps: 19.99 qps: 452.88 (r/w/o: 305.92/107.97/38.99) lat (ms,95%): 1401.61 err/s: 0.00 reconn/s: 0.00
[ 45s ] thds: 32 tps: 14.00 qps: 454.14 (r/w/o: 371.12/53.02/30.01) lat (ms,95%): 1401.61 err/s: 0.00 reconn/s: 0.00
[ 46s ] thds: 32 tps: 30.99 qps: 470.87 (r/w/o: 310.91/98.97/60.98) lat (ms,95%): 1401.61 err/s: 0.00 reconn/s: 0.00
[ 47s ] thds: 32 tps: 28.01 qps: 451.12 (r/w/o: 275.07/120.03/56.01) lat (ms,95%): 1427.08 err/s: 0.00 reconn/s: 0.00
[ 48s ] thds: 32 tps: 14.00 qps: 454.01 (r/w/o: 347.01/82.00/25.00) lat (ms,95%): 1401.61 err/s: 0.00 reconn/s: 0.00
[ 49s ] thds: 32 tps: 21.99 qps: 419.88 (r/w/o: 316.91/54.98/47.99) lat (ms,95%): 1401.61 err/s: 0.00 reconn/s: 0.00
[ 50s ] thds: 32 tps: 31.01 qps: 477.12 (r/w/o: 294.07/122.03/61.02) lat (ms,95%): 1479.41 err/s: 0.00 reconn/s: 0.00
[ 51s ] thds: 32 tps: 18.00 qps: 448.01 (r/w/o: 309.01/105.00/34.00) lat (ms,95%): 1427.08 err/s: 0.00 reconn/s: 0.00
[ 52s ] thds: 32 tps: 15.00 qps: 379.02 (r/w/o: 317.02/29.00/33.00) lat (ms,95%): 1453.01 err/s: 0.00 reconn/s: 0.00
[ 53s ] thds: 32 tps: 17.99 qps: 274.92 (r/w/o: 137.96/102.97/33.99) lat (ms,95%): 1903.57 err/s: 0.00 reconn/s: 0.00
[ 54s ] thds: 32 tps: 14.00 qps: 389.12 (r/w/o: 331.10/28.01/30.01) lat (ms,95%): 2009.23 err/s: 0.00 reconn/s: 0.00
[ 55s ] thds: 32 tps: 31.00 qps: 465.95 (r/w/o: 283.97/119.99/61.99) lat (ms,95%): 1739.68 err/s: 0.00 reconn/s: 0.00
[ 56s ] thds: 32 tps: 20.99 qps: 445.78 (r/w/o: 290.86/115.94/38.98) lat (ms,95%): 1427.08 err/s: 0.00 reconn/s: 0.00
[ 57s ] thds: 32 tps: 13.00 qps: 464.10 (r/w/o: 380.08/55.01/29.01) lat (ms,95%): 1427.08 err/s: 0.00 reconn/s: 0.00
[ 58s ] thds: 32 tps: 31.01 qps: 448.19 (r/w/o: 299.13/88.04/61.03) lat (ms,95%): 1401.61 err/s: 0.00 reconn/s: 0.00
[ 59s ] thds: 32 tps: 27.99 qps: 429.90 (r/w/o: 253.94/120.97/54.99) lat (ms,95%): 1479.41 err/s: 0.00 reconn/s: 0.00
[ 60s ] thds: 32 tps: 13.00 qps: 466.07 (r/w/o: 368.06/76.01/22.00) lat (ms,95%): 1479.41 err/s: 0.00 reconn/s: 0.00
[ 61s ] thds: 32 tps: 22.99 qps: 209.94 (r/w/o: 120.96/60.98/27.99) lat (ms,95%): 1479.41 err/s: 0.00 reconn/s: 0.00
SQL statistics:
    queries performed:
        read:                            18466
        write:                           5276
        other:                           2638
        total:                           26380
    transactions:                        1319   (21.48 per sec.)
    queries:                             26380  (429.67 per sec.)
    ignored errors:                      0      (0.00 per sec.)
    reconnects:                          0      (0.00 per sec.)

General statistics:
    total time:                          61.3952s
    total number of events:              1319

Latency (ms):
         min:                                 1372.99
         avg:                                 1468.33
         max:                                 3200.96
         95th percentile:                     1836.24
         sum:                              1936725.05

Threads fairness:
    events (avg/stddev):           41.2188/0.41
    execution time (avg/stddev):   60.5227/0.49

