sysbench 1.0.18 (using system LuaJIT 2.1.0-beta3)

Running the test with following options:
Number of threads: 32
Report intermediate results every 1 second(s)
Initializing random number generator from current time


Initializing worker threads...

Threads started!

[ 1s ] thds: 32 tps: 0.00 qps: 415.00 (r/w/o: 383.08/0.00/31.92) lat (ms,95%): 0.00 err/s: 0.00 reconn/s: 0.00
[ 2s ] thds: 32 tps: 32.02 qps: 416.32 (r/w/o: 224.17/128.10/64.05) lat (ms,95%): 1589.90 err/s: 0.00 reconn/s: 0.00
[ 3s ] thds: 32 tps: 26.01 qps: 442.10 (r/w/o: 288.06/128.03/26.01) lat (ms,95%): 1427.08 err/s: 0.00 reconn/s: 0.00
[ 4s ] thds: 32 tps: 6.00 qps: 448.67 (r/w/o: 410.69/0.00/37.97) lat (ms,95%): 1427.08 err/s: 0.00 reconn/s: 0.00
[ 5s ] thds: 32 tps: 32.01 qps: 446.18 (r/w/o: 254.10/128.05/64.03) lat (ms,95%): 1479.41 err/s: 0.00 reconn/s: 0.00
[ 6s ] thds: 32 tps: 32.01 qps: 418.13 (r/w/o: 231.07/128.04/59.02) lat (ms,95%): 1479.41 err/s: 0.00 reconn/s: 0.00
[ 7s ] thds: 32 tps: 0.00 qps: 357.91 (r/w/o: 352.91/0.00/5.00) lat (ms,95%): 0.00 err/s: 0.00 reconn/s: 0.00
[ 8s ] thds: 32 tps: 32.00 qps: 434.98 (r/w/o: 242.99/128.00/64.00) lat (ms,95%): 1678.14 err/s: 0.00 reconn/s: 0.00
[ 9s ] thds: 32 tps: 10.00 qps: 386.04 (r/w/o: 293.03/83.01/10.00) lat (ms,95%): 1427.08 err/s: 0.00 reconn/s: 0.00
[ 10s ] thds: 32 tps: 22.00 qps: 464.96 (r/w/o: 365.97/45.00/54.00) lat (ms,95%): 1869.60 err/s: 0.00 reconn/s: 0.00
[ 11s ] thds: 32 tps: 32.01 qps: 462.17 (r/w/o: 270.10/128.05/64.02) lat (ms,95%): 1401.61 err/s: 0.00 reconn/s: 0.00
[ 12s ] thds: 32 tps: 20.99 qps: 415.79 (r/w/o: 276.86/99.95/38.98) lat (ms,95%): 1506.29 err/s: 0.00 reconn/s: 0.00
[ 13s ] thds: 32 tps: 11.01 qps: 448.21 (r/w/o: 385.18/38.02/25.01) lat (ms,95%): 1506.29 err/s: 0.00 reconn/s: 0.00
[ 14s ] thds: 32 tps: 32.00 qps: 448.98 (r/w/o: 266.99/117.99/64.00) lat (ms,95%): 1427.08 err/s: 0.00 reconn/s: 0.00
[ 15s ] thds: 32 tps: 24.99 qps: 478.89 (r/w/o: 304.93/126.97/46.99) lat (ms,95%): 1427.08 err/s: 0.00 reconn/s: 0.00
[ 16s ] thds: 32 tps: 7.00 qps: 449.11 (r/w/o: 359.09/73.02/17.00) lat (ms,95%): 1401.61 err/s: 0.00 reconn/s: 0.00
[ 17s ] thds: 32 tps: 31.99 qps: 447.82 (r/w/o: 327.87/55.98/63.97) lat (ms,95%): 1401.61 err/s: 0.00 reconn/s: 0.00
[ 18s ] thds: 32 tps: 32.00 qps: 447.96 (r/w/o: 256.98/127.99/62.99) lat (ms,95%): 1427.08 err/s: 0.00 reconn/s: 0.00
[ 19s ] thds: 32 tps: 18.00 qps: 447.96 (r/w/o: 327.97/89.99/30.00) lat (ms,95%): 1427.08 err/s: 0.00 reconn/s: 0.00
[ 20s ] thds: 32 tps: 14.01 qps: 457.24 (r/w/o: 382.20/40.02/35.02) lat (ms,95%): 1401.61 err/s: 0.00 reconn/s: 0.00
[ 21s ] thds: 32 tps: 32.00 qps: 461.03 (r/w/o: 271.02/126.01/64.00) lat (ms,95%): 1427.08 err/s: 0.00 reconn/s: 0.00
[ 22s ] thds: 32 tps: 17.99 qps: 362.80 (r/w/o: 242.87/90.95/28.98) lat (ms,95%): 1618.78 err/s: 0.00 reconn/s: 0.00
[ 23s ] thds: 32 tps: 14.01 qps: 407.20 (r/w/o: 335.17/37.02/35.02) lat (ms,95%): 1618.78 err/s: 0.00 reconn/s: 0.00
[ 24s ] thds: 32 tps: 31.98 qps: 425.68 (r/w/o: 233.82/127.90/63.95) lat (ms,95%): 1589.90 err/s: 0.00 reconn/s: 0.00
[ 25s ] thds: 32 tps: 19.01 qps: 454.22 (r/w/o: 330.16/94.04/30.01) lat (ms,95%): 1401.61 err/s: 0.00 reconn/s: 0.00
[ 26s ] thds: 32 tps: 13.00 qps: 448.00 (r/w/o: 378.00/36.00/34.00) lat (ms,95%): 1401.61 err/s: 0.00 reconn/s: 0.00
[ 27s ] thds: 32 tps: 31.99 qps: 415.86 (r/w/o: 225.92/125.96/63.98) lat (ms,95%): 1533.66 err/s: 0.00 reconn/s: 0.00
[ 28s ] thds: 32 tps: 22.01 qps: 471.28 (r/w/o: 318.19/110.07/43.03) lat (ms,95%): 1427.08 err/s: 0.00 reconn/s: 0.00
[ 29s ] thds: 32 tps: 10.00 qps: 447.92 (r/w/o: 380.94/45.99/21.00) lat (ms,95%): 1427.08 err/s: 0.00 reconn/s: 0.00
[ 30s ] thds: 32 tps: 32.01 qps: 454.09 (r/w/o: 290.06/100.02/64.01) lat (ms,95%): 1401.61 err/s: 0.00 reconn/s: 0.00
[ 31s ] thds: 32 tps: 26.00 qps: 448.00 (r/w/o: 271.00/127.00/50.00) lat (ms,95%): 1401.61 err/s: 0.00 reconn/s: 0.00
[ 32s ] thds: 32 tps: 8.00 qps: 443.93 (r/w/o: 355.94/71.99/16.00) lat (ms,95%): 1453.01 err/s: 0.00 reconn/s: 0.00
[ 33s ] thds: 32 tps: 29.98 qps: 447.73 (r/w/o: 328.80/56.97/61.96) lat (ms,95%): 1506.29 err/s: 0.00 reconn/s: 0.00
[ 34s ] thds: 32 tps: 32.02 qps: 449.35 (r/w/o: 259.20/128.10/62.05) lat (ms,95%): 1427.08 err/s: 0.00 reconn/s: 0.00
[ 35s ] thds: 32 tps: 9.99 qps: 415.76 (r/w/o: 317.81/83.95/13.99) lat (ms,95%): 1506.29 err/s: 0.00 reconn/s: 0.00
[ 36s ] thds: 32 tps: 22.01 qps: 383.20 (r/w/o: 287.15/44.02/52.03) lat (ms,95%): 1533.66 err/s: 0.00 reconn/s: 0.00
[ 37s ] thds: 32 tps: 21.00 qps: 347.00 (r/w/o: 196.00/110.00/41.00) lat (ms,95%): 1836.24 err/s: 0.00 reconn/s: 0.00
[ 38s ] thds: 32 tps: 11.00 qps: 452.06 (r/w/o: 384.05/45.01/23.00) lat (ms,95%): 1771.29 err/s: 0.00 reconn/s: 0.00
[ 39s ] thds: 32 tps: 31.98 qps: 467.72 (r/w/o: 302.82/100.94/63.96) lat (ms,95%): 1401.61 err/s: 0.00 reconn/s: 0.00
[ 40s ] thds: 32 tps: 31.02 qps: 459.26 (r/w/o: 274.16/128.07/57.03) lat (ms,95%): 1401.61 err/s: 0.00 reconn/s: 0.00
[ 41s ] thds: 32 tps: 10.00 qps: 448.00 (r/w/o: 349.00/82.00/17.00) lat (ms,95%): 1401.61 err/s: 0.00 reconn/s: 0.00
[ 42s ] thds: 32 tps: 22.99 qps: 447.90 (r/w/o: 347.92/45.99/53.99) lat (ms,95%): 1401.61 err/s: 0.00 reconn/s: 0.00
[ 43s ] thds: 32 tps: 32.01 qps: 480.09 (r/w/o: 288.05/128.02/64.01) lat (ms,95%): 1427.08 err/s: 0.00 reconn/s: 0.00
[ 44s ] thds: 32 tps: 21.00 qps: 448.05 (r/w/o: 294.03/113.01/41.00) lat (ms,95%): 1401.61 err/s: 0.00 reconn/s: 0.00
[ 45s ] thds: 32 tps: 11.00 qps: 391.95 (r/w/o: 350.95/18.00/23.00) lat (ms,95%): 1401.61 err/s: 0.00 reconn/s: 0.00
[ 46s ] thds: 32 tps: 13.00 qps: 172.02 (r/w/o: 77.01/71.01/24.00) lat (ms,95%): 2082.91 err/s: 0.00 reconn/s: 0.00
[ 47s ] thds: 32 tps: 19.00 qps: 180.98 (r/w/o: 90.99/53.99/36.00) lat (ms,95%): 2778.39 err/s: 0.00 reconn/s: 0.00
[ 48s ] thds: 32 tps: 1.00 qps: 340.96 (r/w/o: 300.97/35.00/5.00) lat (ms,95%): 2539.17 err/s: 0.00 reconn/s: 0.00
[ 49s ] thds: 32 tps: 31.01 qps: 453.10 (r/w/o: 297.06/93.02/63.01) lat (ms,95%): 2493.86 err/s: 0.00 reconn/s: 0.00
[ 50s ] thds: 32 tps: 30.00 qps: 465.96 (r/w/o: 282.98/126.99/56.00) lat (ms,95%): 1427.08 err/s: 0.00 reconn/s: 0.00
[ 51s ] thds: 32 tps: 12.00 qps: 448.00 (r/w/o: 359.00/65.00/24.00) lat (ms,95%): 1401.61 err/s: 0.00 reconn/s: 0.00
[ 52s ] thds: 32 tps: 22.00 qps: 430.03 (r/w/o: 317.02/65.00/48.00) lat (ms,95%): 1453.01 err/s: 0.00 reconn/s: 0.00
[ 53s ] thds: 32 tps: 31.99 qps: 450.80 (r/w/o: 260.88/126.94/62.97) lat (ms,95%): 1506.29 err/s: 0.00 reconn/s: 0.00
[ 54s ] thds: 32 tps: 13.01 qps: 446.23 (r/w/o: 336.17/85.04/25.01) lat (ms,95%): 1453.01 err/s: 0.00 reconn/s: 0.00
[ 55s ] thds: 32 tps: 19.00 qps: 444.98 (r/w/o: 356.98/48.00/40.00) lat (ms,95%): 1453.01 err/s: 0.00 reconn/s: 0.00
[ 56s ] thds: 32 tps: 31.98 qps: 428.77 (r/w/o: 241.87/122.93/63.97) lat (ms,95%): 1803.47 err/s: 0.00 reconn/s: 0.00
[ 57s ] thds: 32 tps: 11.01 qps: 404.24 (r/w/o: 289.17/97.06/18.01) lat (ms,95%): 1561.52 err/s: 0.00 reconn/s: 0.00
[ 58s ] thds: 32 tps: 20.99 qps: 415.86 (r/w/o: 335.89/33.99/45.99) lat (ms,95%): 1803.47 err/s: 0.00 reconn/s: 0.00
[ 59s ] thds: 32 tps: 31.01 qps: 457.11 (r/w/o: 274.07/121.03/62.02) lat (ms,95%): 1506.29 err/s: 0.00 reconn/s: 0.00
[ 60s ] thds: 32 tps: 23.99 qps: 467.82 (r/w/o: 301.88/124.95/40.98) lat (ms,95%): 1401.61 err/s: 0.00 reconn/s: 0.00
[ 61s ] thds: 30 tps: 10.00 qps: 345.13 (r/w/o: 296.11/32.01/17.01) lat (ms,95%): 1479.41 err/s: 0.00 reconn/s: 0.00
SQL statistics:
    queries performed:
        read:                            18242
        write:                           5212
        other:                           2606
        total:                           26060
    transactions:                        1303   (21.20 per sec.)
    queries:                             26060  (423.95 per sec.)
    ignored errors:                      0      (0.00 per sec.)
    reconnects:                          0      (0.00 per sec.)

General statistics:
    total time:                          61.4688s
    total number of events:              1303

Latency (ms):
         min:                                 1372.00
         avg:                                 1497.82
         max:                                 2825.11
         95th percentile:                     1803.47
         sum:                              1951660.29

Threads fairness:
    events (avg/stddev):           40.7188/0.45
    execution time (avg/stddev):   60.9894/0.54

