sysbench 1.0.18 (using system LuaJIT 2.1.0-beta3)

Running the test with following options:
Number of threads: 32
Report intermediate results every 1 second(s)
Initializing random number generator from current time


Initializing worker threads...

Threads started!

[ 1s ] thds: 32 tps: 7387.13 qps: 148075.96 (r/w/o: 103680.32/29591.43/14804.20) lat (ms,99%): 6.67 err/s: 0.00 reconn/s: 0.00
[ 2s ] thds: 32 tps: 7555.47 qps: 151170.49 (r/w/o: 105869.65/30187.89/15112.95) lat (ms,99%): 7.17 err/s: 0.00 reconn/s: 0.00
[ 3s ] thds: 32 tps: 7612.10 qps: 152233.98 (r/w/o: 106537.38/30472.40/15224.20) lat (ms,99%): 6.21 err/s: 0.00 reconn/s: 0.00
[ 4s ] thds: 32 tps: 7530.05 qps: 150510.04 (r/w/o: 105357.73/30092.21/15060.10) lat (ms,99%): 7.04 err/s: 0.00 reconn/s: 0.00
[ 5s ] thds: 32 tps: 7622.47 qps: 152584.43 (r/w/o: 106828.60/30510.89/15244.94) lat (ms,99%): 5.99 err/s: 0.00 reconn/s: 0.00
[ 6s ] thds: 32 tps: 7581.03 qps: 151219.67 (r/w/o: 105779.49/30302.12/15138.06) lat (ms,99%): 7.70 err/s: 0.00 reconn/s: 0.00
[ 7s ] thds: 32 tps: 7519.66 qps: 150787.28 (r/w/o: 105641.32/30082.64/15063.32) lat (ms,99%): 6.79 err/s: 0.00 reconn/s: 0.00
[ 8s ] thds: 32 tps: 7666.04 qps: 153246.79 (r/w/o: 107245.55/30669.16/15332.08) lat (ms,99%): 7.04 err/s: 0.00 reconn/s: 0.00
[ 9s ] thds: 32 tps: 7625.62 qps: 152651.45 (r/w/o: 106849.72/30550.49/15251.25) lat (ms,99%): 6.21 err/s: 0.00 reconn/s: 0.00
[ 10s ] thds: 32 tps: 7555.85 qps: 151091.04 (r/w/o: 105771.93/30207.41/15111.70) lat (ms,99%): 6.91 err/s: 0.00 reconn/s: 0.00
[ 11s ] thds: 32 tps: 7424.37 qps: 148328.39 (r/w/o: 103811.17/29674.48/14842.74) lat (ms,99%): 8.28 err/s: 0.00 reconn/s: 0.00
[ 12s ] thds: 32 tps: 7554.93 qps: 151058.53 (r/w/o: 105734.97/30207.71/15115.85) lat (ms,99%): 6.43 err/s: 0.00 reconn/s: 0.00
[ 13s ] thds: 32 tps: 7686.60 qps: 153801.91 (r/w/o: 107654.34/30775.38/15372.19) lat (ms,99%): 6.55 err/s: 0.00 reconn/s: 0.00
[ 14s ] thds: 32 tps: 7191.28 qps: 143892.51 (r/w/o: 100740.86/28768.10/14383.55) lat (ms,99%): 9.06 err/s: 0.00 reconn/s: 0.00
[ 15s ] thds: 32 tps: 7760.86 qps: 155193.29 (r/w/o: 108642.10/31030.46/15520.73) lat (ms,99%): 5.67 err/s: 0.00 reconn/s: 0.00
[ 16s ] thds: 32 tps: 7626.36 qps: 152748.15 (r/w/o: 106894.00/30600.43/15253.71) lat (ms,99%): 6.32 err/s: 0.00 reconn/s: 0.00
[ 17s ] thds: 32 tps: 7543.90 qps: 150771.98 (r/w/o: 105562.58/30121.60/15087.80) lat (ms,99%): 7.30 err/s: 0.00 reconn/s: 0.00
[ 18s ] thds: 32 tps: 7231.75 qps: 144611.98 (r/w/o: 101233.49/28916.00/14462.50) lat (ms,99%): 7.30 err/s: 0.00 reconn/s: 0.00
[ 19s ] thds: 32 tps: 7669.28 qps: 153212.50 (r/w/o: 107246.85/30626.10/15339.55) lat (ms,99%): 7.04 err/s: 0.00 reconn/s: 0.00
[ 20s ] thds: 32 tps: 7457.11 qps: 149186.27 (r/w/o: 104419.59/29853.46/14913.23) lat (ms,99%): 7.43 err/s: 0.00 reconn/s: 0.00
[ 21s ] thds: 32 tps: 7609.65 qps: 152152.99 (r/w/o: 106516.10/30416.60/15220.30) lat (ms,99%): 6.91 err/s: 0.00 reconn/s: 0.00
[ 22s ] thds: 32 tps: 7581.06 qps: 151517.24 (r/w/o: 106038.87/30317.25/15161.12) lat (ms,99%): 6.21 err/s: 0.00 reconn/s: 0.00
[ 23s ] thds: 32 tps: 6976.13 qps: 139723.65 (r/w/o: 97849.86/27920.53/13953.26) lat (ms,99%): 8.13 err/s: 0.00 reconn/s: 0.00
[ 24s ] thds: 32 tps: 7637.10 qps: 152652.97 (r/w/o: 106834.38/30549.39/15269.20) lat (ms,99%): 6.91 err/s: 0.00 reconn/s: 0.00
[ 25s ] thds: 32 tps: 7274.34 qps: 145615.75 (r/w/o: 101934.72/29127.35/14553.67) lat (ms,99%): 9.56 err/s: 0.00 reconn/s: 0.00
[ 26s ] thds: 32 tps: 7564.25 qps: 151221.04 (r/w/o: 105852.53/30243.01/15125.50) lat (ms,99%): 7.04 err/s: 0.00 reconn/s: 0.00
[ 27s ] thds: 32 tps: 7721.42 qps: 154427.42 (r/w/o: 108127.90/30853.69/15445.84) lat (ms,99%): 6.43 err/s: 0.00 reconn/s: 0.00
[ 28s ] thds: 32 tps: 7611.29 qps: 152181.80 (r/w/o: 106519.06/30440.16/15222.58) lat (ms,99%): 6.79 err/s: 0.00 reconn/s: 0.00
[ 29s ] thds: 32 tps: 7665.28 qps: 153352.55 (r/w/o: 107309.89/30713.11/15329.56) lat (ms,99%): 7.17 err/s: 0.00 reconn/s: 0.00
[ 30s ] thds: 32 tps: 7628.02 qps: 152396.31 (r/w/o: 106679.22/30464.06/15253.03) lat (ms,99%): 6.09 err/s: 0.00 reconn/s: 0.00
[ 31s ] thds: 32 tps: 7463.01 qps: 149508.13 (r/w/o: 104671.09/29907.03/14930.01) lat (ms,99%): 7.70 err/s: 0.00 reconn/s: 0.00
[ 32s ] thds: 32 tps: 7672.67 qps: 153363.40 (r/w/o: 107378.38/30640.68/15344.34) lat (ms,99%): 7.98 err/s: 0.00 reconn/s: 0.00
[ 33s ] thds: 32 tps: 7606.42 qps: 152030.35 (r/w/o: 106393.85/30425.67/15210.83) lat (ms,99%): 6.43 err/s: 0.00 reconn/s: 0.00
[ 34s ] thds: 32 tps: 7657.11 qps: 153205.22 (r/w/o: 107245.55/30644.44/15315.22) lat (ms,99%): 7.30 err/s: 0.00 reconn/s: 0.00
[ 35s ] thds: 32 tps: 7640.71 qps: 152736.24 (r/w/o: 106896.97/30557.85/15281.42) lat (ms,99%): 6.55 err/s: 0.00 reconn/s: 0.00
[ 36s ] thds: 32 tps: 7522.17 qps: 150464.35 (r/w/o: 105321.35/30096.67/15046.34) lat (ms,99%): 6.55 err/s: 0.00 reconn/s: 0.00
[ 37s ] thds: 32 tps: 7045.23 qps: 140954.62 (r/w/o: 98692.23/28173.92/14088.46) lat (ms,99%): 8.90 err/s: 0.00 reconn/s: 0.00
[ 38s ] thds: 32 tps: 7556.75 qps: 151251.03 (r/w/o: 105870.52/30265.01/15115.50) lat (ms,99%): 7.04 err/s: 0.00 reconn/s: 0.00
[ 39s ] thds: 32 tps: 7564.24 qps: 151265.86 (r/w/o: 105882.40/30257.97/15125.49) lat (ms,99%): 7.04 err/s: 0.00 reconn/s: 0.00
[ 40s ] thds: 32 tps: 7580.64 qps: 151646.85 (r/w/o: 106164.99/30321.57/15160.28) lat (ms,99%): 6.43 err/s: 0.00 reconn/s: 0.00
[ 41s ] thds: 32 tps: 7677.03 qps: 153273.66 (r/w/o: 107247.46/30671.13/15355.07) lat (ms,99%): 5.88 err/s: 0.00 reconn/s: 0.00
[ 42s ] thds: 32 tps: 7526.78 qps: 150740.69 (r/w/o: 105590.99/30093.13/15056.57) lat (ms,99%): 6.67 err/s: 0.00 reconn/s: 0.00
[ 43s ] thds: 32 tps: 7723.87 qps: 154639.36 (r/w/o: 108209.17/30982.45/15447.74) lat (ms,99%): 6.32 err/s: 0.00 reconn/s: 0.00
[ 44s ] thds: 32 tps: 7631.50 qps: 152424.87 (r/w/o: 106724.92/30437.96/15261.99) lat (ms,99%): 7.17 err/s: 0.00 reconn/s: 0.00
[ 45s ] thds: 32 tps: 7584.75 qps: 151828.09 (r/w/o: 106272.57/30385.02/15170.51) lat (ms,99%): 6.79 err/s: 0.00 reconn/s: 0.00
[ 46s ] thds: 32 tps: 7649.02 qps: 152791.47 (r/w/o: 106909.34/30588.09/15294.05) lat (ms,99%): 6.43 err/s: 0.00 reconn/s: 0.00
[ 47s ] thds: 32 tps: 7720.66 qps: 154443.11 (r/w/o: 108146.18/30851.62/15445.31) lat (ms,99%): 6.09 err/s: 0.00 reconn/s: 0.00
[ 48s ] thds: 32 tps: 7586.27 qps: 151875.43 (r/w/o: 106343.80/30359.09/15172.54) lat (ms,99%): 6.21 err/s: 0.00 reconn/s: 0.00
[ 49s ] thds: 32 tps: 7589.29 qps: 151697.83 (r/w/o: 106143.09/30376.16/15178.58) lat (ms,99%): 6.55 err/s: 0.00 reconn/s: 0.00
[ 50s ] thds: 32 tps: 7737.87 qps: 154605.46 (r/w/o: 108201.23/30931.49/15472.75) lat (ms,99%): 5.99 err/s: 0.00 reconn/s: 0.00
[ 51s ] thds: 32 tps: 7218.16 qps: 144409.23 (r/w/o: 101117.26/28852.64/14439.32) lat (ms,99%): 9.56 err/s: 0.00 reconn/s: 0.00
[ 52s ] thds: 32 tps: 7455.60 qps: 149179.09 (r/w/o: 104441.47/29826.42/14911.21) lat (ms,99%): 6.79 err/s: 0.00 reconn/s: 0.00
[ 53s ] thds: 32 tps: 7355.50 qps: 147230.02 (r/w/o: 103070.02/29449.00/14711.00) lat (ms,99%): 7.43 err/s: 0.00 reconn/s: 0.00
[ 54s ] thds: 32 tps: 7749.03 qps: 154892.68 (r/w/o: 108402.48/30993.14/15497.07) lat (ms,99%): 6.32 err/s: 0.00 reconn/s: 0.00
[ 55s ] thds: 32 tps: 7591.92 qps: 151956.38 (r/w/o: 106378.86/30392.68/15184.84) lat (ms,99%): 6.91 err/s: 0.00 reconn/s: 0.00
[ 56s ] thds: 32 tps: 7615.98 qps: 152257.64 (r/w/o: 106602.75/30422.93/15231.96) lat (ms,99%): 7.43 err/s: 0.00 reconn/s: 0.00
[ 57s ] thds: 32 tps: 7569.05 qps: 151421.03 (r/w/o: 105983.72/30299.21/15138.10) lat (ms,99%): 6.91 err/s: 0.00 reconn/s: 0.00
[ 58s ] thds: 32 tps: 7634.51 qps: 152253.26 (r/w/o: 106499.19/30500.05/15254.02) lat (ms,99%): 6.21 err/s: 0.00 reconn/s: 0.00
[ 59s ] thds: 32 tps: 7649.48 qps: 153240.62 (r/w/o: 107325.73/30600.92/15313.96) lat (ms,99%): 7.04 err/s: 0.00 reconn/s: 0.00
[ 60s ] thds: 32 tps: 7582.17 qps: 151686.32 (r/w/o: 106193.32/30328.66/15164.33) lat (ms,99%): 6.55 err/s: 0.00 reconn/s: 0.00
SQL statistics:
    queries performed:
        read:                            6345794
        write:                           1813084
        other:                           906542
        total:                           9065420
    transactions:                        453271 (7552.62 per sec.)
    queries:                             9065420 (151052.48 per sec.)
    ignored errors:                      0      (0.00 per sec.)
    reconnects:                          0      (0.00 per sec.)

General statistics:
    total time:                          60.0136s
    total number of events:              453271

Latency (ms):
         min:                                    2.34
         avg:                                    4.24
         max:                                  127.63
         99th percentile:                        6.91
         sum:                              1919708.97

Threads fairness:
    events (avg/stddev):           14164.7188/40.15
    execution time (avg/stddev):   59.9909/0.00

