sysbench 1.0.18 (using system LuaJIT 2.1.0-beta3)

Running the test with following options:
Number of threads: 32
Report intermediate results every 1 second(s)
Initializing random number generator from current time


Initializing worker threads...

Threads started!

[ 1s ] thds: 32 tps: 7303.70 qps: 146533.27 (r/w/o: 102657.15/29237.77/14638.35) lat (ms,99%): 6.67 err/s: 0.00 reconn/s: 0.00
[ 2s ] thds: 32 tps: 7583.30 qps: 151656.99 (r/w/o: 106136.19/30353.20/15167.60) lat (ms,99%): 6.09 err/s: 0.00 reconn/s: 0.00
[ 3s ] thds: 32 tps: 7464.55 qps: 149264.06 (r/w/o: 104468.74/29869.21/14926.11) lat (ms,99%): 7.17 err/s: 0.00 reconn/s: 0.00
[ 4s ] thds: 32 tps: 7671.16 qps: 153381.22 (r/w/o: 107397.26/30638.64/15345.32) lat (ms,99%): 6.21 err/s: 0.00 reconn/s: 0.00
[ 5s ] thds: 32 tps: 7372.77 qps: 147602.34 (r/w/o: 103283.74/29573.07/14745.53) lat (ms,99%): 7.17 err/s: 0.00 reconn/s: 0.00
[ 6s ] thds: 32 tps: 7463.97 qps: 149053.48 (r/w/o: 104331.64/29795.90/14925.95) lat (ms,99%): 6.43 err/s: 0.00 reconn/s: 0.00
[ 7s ] thds: 32 tps: 7527.16 qps: 150647.19 (r/w/o: 105481.23/30109.64/15056.32) lat (ms,99%): 6.91 err/s: 0.00 reconn/s: 0.00
[ 8s ] thds: 32 tps: 7563.81 qps: 151246.17 (r/w/o: 105856.32/30263.23/15126.62) lat (ms,99%): 7.17 err/s: 0.00 reconn/s: 0.00
[ 9s ] thds: 32 tps: 7442.37 qps: 148967.34 (r/w/o: 104288.14/29793.47/14885.73) lat (ms,99%): 8.28 err/s: 0.00 reconn/s: 0.00
[ 10s ] thds: 32 tps: 7558.76 qps: 151038.30 (r/w/o: 105718.71/30203.06/15116.53) lat (ms,99%): 7.04 err/s: 0.00 reconn/s: 0.00
[ 11s ] thds: 32 tps: 7341.72 qps: 146847.43 (r/w/o: 102820.11/29342.88/14684.44) lat (ms,99%): 9.91 err/s: 0.00 reconn/s: 0.00
[ 12s ] thds: 32 tps: 7332.67 qps: 146529.49 (r/w/o: 102537.45/29327.70/14664.35) lat (ms,99%): 7.30 err/s: 0.00 reconn/s: 0.00
[ 13s ] thds: 32 tps: 7540.82 qps: 150881.32 (r/w/o: 105637.43/30161.26/15082.63) lat (ms,99%): 6.32 err/s: 0.00 reconn/s: 0.00
[ 14s ] thds: 32 tps: 7466.82 qps: 149335.35 (r/w/o: 104524.44/29877.27/14933.63) lat (ms,99%): 6.91 err/s: 0.00 reconn/s: 0.00
[ 15s ] thds: 32 tps: 7535.43 qps: 150890.69 (r/w/o: 105646.09/30173.74/15070.87) lat (ms,99%): 7.70 err/s: 0.00 reconn/s: 0.00
[ 16s ] thds: 32 tps: 7669.79 qps: 153171.91 (r/w/o: 107180.13/30654.18/15337.59) lat (ms,99%): 6.79 err/s: 0.00 reconn/s: 0.00
[ 17s ] thds: 32 tps: 7443.94 qps: 149057.89 (r/w/o: 104386.22/29782.78/14888.89) lat (ms,99%): 7.43 err/s: 0.00 reconn/s: 0.00
[ 18s ] thds: 32 tps: 7737.78 qps: 154697.60 (r/w/o: 108278.92/30943.12/15475.56) lat (ms,99%): 5.88 err/s: 0.00 reconn/s: 0.00
[ 19s ] thds: 32 tps: 7446.05 qps: 148786.93 (r/w/o: 104124.65/29769.19/14893.09) lat (ms,99%): 7.70 err/s: 0.00 reconn/s: 0.00
[ 20s ] thds: 32 tps: 7553.34 qps: 151229.89 (r/w/o: 105883.82/30239.38/15106.69) lat (ms,99%): 6.91 err/s: 0.00 reconn/s: 0.00
[ 21s ] thds: 32 tps: 7549.75 qps: 150876.97 (r/w/o: 105593.48/30185.99/15097.50) lat (ms,99%): 6.67 err/s: 0.00 reconn/s: 0.00
[ 22s ] thds: 32 tps: 7408.77 qps: 148112.34 (r/w/o: 103660.74/29635.07/14816.53) lat (ms,99%): 8.13 err/s: 0.00 reconn/s: 0.00
[ 23s ] thds: 32 tps: 7621.43 qps: 152512.64 (r/w/o: 106781.05/30485.73/15245.86) lat (ms,99%): 6.91 err/s: 0.00 reconn/s: 0.00
[ 24s ] thds: 32 tps: 7542.84 qps: 150825.73 (r/w/o: 105570.71/30170.35/15084.67) lat (ms,99%): 7.17 err/s: 0.00 reconn/s: 0.00
[ 25s ] thds: 32 tps: 7592.85 qps: 151942.95 (r/w/o: 106348.87/30407.39/15186.70) lat (ms,99%): 6.79 err/s: 0.00 reconn/s: 0.00
[ 26s ] thds: 32 tps: 7665.38 qps: 153295.60 (r/w/o: 107316.32/30649.52/15329.76) lat (ms,99%): 6.21 err/s: 0.00 reconn/s: 0.00
[ 27s ] thds: 32 tps: 7467.01 qps: 149206.11 (r/w/o: 104435.08/29837.02/14934.01) lat (ms,99%): 7.43 err/s: 0.00 reconn/s: 0.00
[ 28s ] thds: 32 tps: 7622.10 qps: 152610.97 (r/w/o: 106840.38/30525.39/15245.20) lat (ms,99%): 6.32 err/s: 0.00 reconn/s: 0.00
[ 29s ] thds: 32 tps: 7556.02 qps: 151116.37 (r/w/o: 105816.26/30188.07/15112.04) lat (ms,99%): 6.21 err/s: 0.00 reconn/s: 0.00
[ 30s ] thds: 32 tps: 7573.31 qps: 151411.24 (r/w/o: 105946.37/30321.24/15143.62) lat (ms,99%): 6.55 err/s: 0.00 reconn/s: 0.00
[ 31s ] thds: 32 tps: 7653.13 qps: 153195.58 (r/w/o: 107259.80/30627.52/15308.26) lat (ms,99%): 6.43 err/s: 0.00 reconn/s: 0.00
[ 32s ] thds: 32 tps: 7432.79 qps: 148378.86 (r/w/o: 103828.10/29690.17/14860.59) lat (ms,99%): 8.43 err/s: 0.00 reconn/s: 0.00
[ 33s ] thds: 32 tps: 7415.46 qps: 148617.23 (r/w/o: 104059.47/29721.85/14835.92) lat (ms,99%): 7.43 err/s: 0.00 reconn/s: 0.00
[ 34s ] thds: 32 tps: 7643.05 qps: 152735.98 (r/w/o: 106934.69/30514.20/15287.10) lat (ms,99%): 6.21 err/s: 0.00 reconn/s: 0.00
[ 35s ] thds: 32 tps: 7693.74 qps: 153935.80 (r/w/o: 107749.36/30799.96/15386.48) lat (ms,99%): 6.21 err/s: 0.00 reconn/s: 0.00
[ 36s ] thds: 32 tps: 7173.06 qps: 143476.28 (r/w/o: 100443.89/28685.26/14347.13) lat (ms,99%): 8.90 err/s: 0.00 reconn/s: 0.00
[ 37s ] thds: 32 tps: 7538.93 qps: 150581.60 (r/w/o: 105351.02/30160.72/15069.86) lat (ms,99%): 7.84 err/s: 0.00 reconn/s: 0.00
[ 38s ] thds: 32 tps: 7625.24 qps: 152542.89 (r/w/o: 106796.42/30488.98/15257.49) lat (ms,99%): 5.99 err/s: 0.00 reconn/s: 0.00
[ 39s ] thds: 32 tps: 7608.93 qps: 152284.67 (r/w/o: 106615.07/30450.73/15218.87) lat (ms,99%): 6.67 err/s: 0.00 reconn/s: 0.00
[ 40s ] thds: 32 tps: 7669.70 qps: 153393.91 (r/w/o: 107403.74/30650.78/15339.39) lat (ms,99%): 6.43 err/s: 0.00 reconn/s: 0.00
[ 41s ] thds: 32 tps: 7573.81 qps: 151229.19 (r/w/o: 105795.33/30288.24/15145.62) lat (ms,99%): 7.04 err/s: 0.00 reconn/s: 0.00
[ 42s ] thds: 32 tps: 7551.57 qps: 151380.30 (r/w/o: 106021.91/30253.26/15105.13) lat (ms,99%): 7.43 err/s: 0.00 reconn/s: 0.00
[ 43s ] thds: 32 tps: 7387.27 qps: 147633.34 (r/w/o: 103321.74/29541.07/14770.53) lat (ms,99%): 7.56 err/s: 0.00 reconn/s: 0.00
[ 44s ] thds: 32 tps: 7548.32 qps: 151173.42 (r/w/o: 105798.49/30274.29/15100.64) lat (ms,99%): 7.04 err/s: 0.00 reconn/s: 0.00
[ 45s ] thds: 32 tps: 7252.73 qps: 144866.62 (r/w/o: 101430.23/28932.93/14503.46) lat (ms,99%): 8.28 err/s: 0.00 reconn/s: 0.00
[ 46s ] thds: 32 tps: 7544.61 qps: 150815.25 (r/w/o: 105575.58/30148.45/15091.22) lat (ms,99%): 8.58 err/s: 0.00 reconn/s: 0.00
[ 47s ] thds: 32 tps: 7668.67 qps: 153337.38 (r/w/o: 107318.37/30684.68/15334.34) lat (ms,99%): 6.32 err/s: 0.00 reconn/s: 0.00
[ 48s ] thds: 32 tps: 7581.23 qps: 151784.57 (r/w/o: 106273.20/30345.91/15165.46) lat (ms,99%): 7.56 err/s: 0.00 reconn/s: 0.00
[ 49s ] thds: 32 tps: 7688.32 qps: 153701.45 (r/w/o: 107609.51/30716.29/15375.65) lat (ms,99%): 6.79 err/s: 0.00 reconn/s: 0.00
[ 50s ] thds: 32 tps: 7780.52 qps: 155503.33 (r/w/o: 108823.23/31119.06/15561.03) lat (ms,99%): 5.77 err/s: 0.00 reconn/s: 0.00
[ 51s ] thds: 32 tps: 7480.36 qps: 149752.13 (r/w/o: 104850.99/29939.43/14961.71) lat (ms,99%): 6.67 err/s: 0.00 reconn/s: 0.00
[ 52s ] thds: 32 tps: 7520.73 qps: 150264.60 (r/w/o: 105153.22/30071.92/15039.46) lat (ms,99%): 6.91 err/s: 0.00 reconn/s: 0.00
[ 53s ] thds: 32 tps: 7639.86 qps: 152965.12 (r/w/o: 107075.98/30607.42/15281.71) lat (ms,99%): 6.91 err/s: 0.00 reconn/s: 0.00
[ 54s ] thds: 32 tps: 7658.83 qps: 152977.60 (r/w/o: 107081.62/30579.32/15316.66) lat (ms,99%): 6.55 err/s: 0.00 reconn/s: 0.00
[ 55s ] thds: 32 tps: 7183.35 qps: 143826.05 (r/w/o: 100682.93/28775.41/14367.70) lat (ms,99%): 8.28 err/s: 0.00 reconn/s: 0.00
[ 56s ] thds: 32 tps: 7518.87 qps: 150335.50 (r/w/o: 105240.25/30059.50/15035.75) lat (ms,99%): 6.79 err/s: 0.00 reconn/s: 0.00
[ 57s ] thds: 32 tps: 7683.14 qps: 153710.77 (r/w/o: 107600.94/30741.55/15368.28) lat (ms,99%): 6.09 err/s: 0.00 reconn/s: 0.00
[ 58s ] thds: 32 tps: 7549.07 qps: 151044.34 (r/w/o: 105738.94/30208.27/15097.13) lat (ms,99%): 6.43 err/s: 0.00 reconn/s: 0.00
[ 59s ] thds: 32 tps: 7694.91 qps: 153852.26 (r/w/o: 107671.78/30789.65/15390.83) lat (ms,99%): 6.32 err/s: 0.00 reconn/s: 0.00
[ 60s ] thds: 32 tps: 7640.88 qps: 152716.59 (r/w/o: 106924.32/30510.52/15281.76) lat (ms,99%): 6.09 err/s: 0.00 reconn/s: 0.00
SQL statistics:
    queries performed:
        read:                            6331696
        write:                           1809056
        other:                           904528
        total:                           9045280
    transactions:                        452264 (7536.27 per sec.)
    queries:                             9045280 (150725.49 per sec.)
    ignored errors:                      0      (0.00 per sec.)
    reconnects:                          0      (0.00 per sec.)

General statistics:
    total time:                          60.0102s
    total number of events:              452264

Latency (ms):
         min:                                    2.27
         avg:                                    4.24
         max:                                  158.72
         99th percentile:                        6.91
         sum:                              1919661.22

Threads fairness:
    events (avg/stddev):           14133.2500/40.96
    execution time (avg/stddev):   59.9894/0.00

