sysbench 1.0.18 (using system LuaJIT 2.1.0-beta3)

Running the test with following options:
Number of threads: 32
Report intermediate results every 1 second(s)
Initializing random number generator from current time


Initializing worker threads...

Threads started!

[ 1s ] thds: 32 tps: 3471.47 qps: 69703.69 (r/w/o: 48840.95/13887.88/6974.86) lat (ms,99%): 17.95 err/s: 0.00 reconn/s: 0.00
[ 2s ] thds: 32 tps: 3917.69 qps: 78546.87 (r/w/o: 54988.71/15723.78/7834.38) lat (ms,99%): 10.84 err/s: 0.00 reconn/s: 0.00
[ 3s ] thds: 32 tps: 4001.45 qps: 79884.05 (r/w/o: 55915.34/15965.81/8002.90) lat (ms,99%): 10.46 err/s: 0.00 reconn/s: 0.00
[ 4s ] thds: 32 tps: 5120.27 qps: 102530.34 (r/w/o: 71802.74/20486.07/10241.53) lat (ms,99%): 10.27 err/s: 0.00 reconn/s: 0.00
[ 5s ] thds: 32 tps: 7221.48 qps: 144474.57 (r/w/o: 101115.69/28915.92/14442.96) lat (ms,99%): 5.99 err/s: 0.00 reconn/s: 0.00
[ 6s ] thds: 32 tps: 7317.30 qps: 146218.06 (r/w/o: 102352.24/29232.21/14633.61) lat (ms,99%): 7.04 err/s: 0.00 reconn/s: 0.00
[ 7s ] thds: 32 tps: 7460.49 qps: 149114.71 (r/w/o: 104351.80/29841.94/14920.97) lat (ms,99%): 5.99 err/s: 0.00 reconn/s: 0.00
[ 8s ] thds: 32 tps: 7487.44 qps: 149976.85 (r/w/o: 105025.19/29975.77/14975.88) lat (ms,99%): 5.88 err/s: 0.00 reconn/s: 0.00
[ 9s ] thds: 32 tps: 7424.39 qps: 148147.86 (r/w/o: 103630.50/29670.57/14846.78) lat (ms,99%): 6.43 err/s: 0.00 reconn/s: 0.00
[ 10s ] thds: 32 tps: 7493.55 qps: 150034.98 (r/w/o: 105074.69/29971.19/14989.10) lat (ms,99%): 5.77 err/s: 0.00 reconn/s: 0.00
[ 11s ] thds: 32 tps: 7464.68 qps: 149385.64 (r/w/o: 104548.55/29907.73/14929.36) lat (ms,99%): 6.21 err/s: 0.00 reconn/s: 0.00
[ 12s ] thds: 32 tps: 7522.79 qps: 150406.75 (r/w/o: 105308.03/30053.15/15045.58) lat (ms,99%): 5.88 err/s: 0.00 reconn/s: 0.00
[ 13s ] thds: 32 tps: 7448.41 qps: 148956.28 (r/w/o: 104268.80/29790.66/14896.83) lat (ms,99%): 6.09 err/s: 0.00 reconn/s: 0.00
[ 14s ] thds: 32 tps: 7479.23 qps: 149776.61 (r/w/o: 104830.22/29987.92/14958.46) lat (ms,99%): 6.21 err/s: 0.00 reconn/s: 0.00
[ 15s ] thds: 32 tps: 7364.13 qps: 147090.57 (r/w/o: 102974.80/29387.51/14728.26) lat (ms,99%): 6.91 err/s: 0.00 reconn/s: 0.00
[ 16s ] thds: 32 tps: 7363.16 qps: 147271.14 (r/w/o: 103102.20/29442.63/14726.31) lat (ms,99%): 7.84 err/s: 0.00 reconn/s: 0.00
[ 17s ] thds: 32 tps: 7226.58 qps: 144411.56 (r/w/o: 101054.10/28904.31/14453.16) lat (ms,99%): 7.30 err/s: 0.00 reconn/s: 0.00
[ 18s ] thds: 32 tps: 7315.14 qps: 146478.88 (r/w/o: 102580.02/29268.58/14630.29) lat (ms,99%): 6.32 err/s: 0.00 reconn/s: 0.00
[ 19s ] thds: 32 tps: 7412.87 qps: 148260.45 (r/w/o: 103769.22/29665.49/14825.75) lat (ms,99%): 6.67 err/s: 0.00 reconn/s: 0.00
[ 20s ] thds: 32 tps: 7400.03 qps: 148031.59 (r/w/o: 103637.42/29594.12/14800.06) lat (ms,99%): 7.17 err/s: 0.00 reconn/s: 0.00
[ 21s ] thds: 32 tps: 7340.90 qps: 146780.94 (r/w/o: 102704.56/29395.59/14680.79) lat (ms,99%): 7.43 err/s: 0.00 reconn/s: 0.00
[ 22s ] thds: 32 tps: 7414.28 qps: 148217.60 (r/w/o: 103783.92/29604.12/14829.56) lat (ms,99%): 7.17 err/s: 0.00 reconn/s: 0.00
[ 23s ] thds: 32 tps: 7389.93 qps: 147708.63 (r/w/o: 103365.04/29564.73/14778.86) lat (ms,99%): 6.67 err/s: 0.00 reconn/s: 0.00
[ 24s ] thds: 32 tps: 7253.22 qps: 145178.33 (r/w/o: 101624.03/29046.87/14507.43) lat (ms,99%): 7.70 err/s: 0.00 reconn/s: 0.00
[ 25s ] thds: 32 tps: 7446.72 qps: 148992.45 (r/w/o: 104308.12/29790.89/14893.45) lat (ms,99%): 6.43 err/s: 0.00 reconn/s: 0.00
[ 26s ] thds: 32 tps: 7404.29 qps: 148110.71 (r/w/o: 103700.00/29603.14/14807.57) lat (ms,99%): 6.91 err/s: 0.00 reconn/s: 0.00
[ 27s ] thds: 32 tps: 7321.29 qps: 146178.73 (r/w/o: 102259.02/29277.14/14642.57) lat (ms,99%): 7.04 err/s: 0.00 reconn/s: 0.00
[ 28s ] thds: 32 tps: 7186.37 qps: 143903.44 (r/w/o: 100792.21/28737.49/14373.74) lat (ms,99%): 7.56 err/s: 0.00 reconn/s: 0.00
[ 29s ] thds: 32 tps: 7431.17 qps: 148714.37 (r/w/o: 104113.36/29738.67/14862.34) lat (ms,99%): 6.21 err/s: 0.00 reconn/s: 0.00
[ 30s ] thds: 32 tps: 7330.72 qps: 146494.43 (r/w/o: 102519.10/29313.89/14661.44) lat (ms,99%): 7.43 err/s: 0.00 reconn/s: 0.00
[ 31s ] thds: 32 tps: 7313.62 qps: 146318.44 (r/w/o: 102381.71/29311.49/14625.24) lat (ms,99%): 7.30 err/s: 0.00 reconn/s: 0.00
[ 32s ] thds: 32 tps: 7345.16 qps: 146745.23 (r/w/o: 102709.26/29347.65/14688.32) lat (ms,99%): 6.21 err/s: 0.00 reconn/s: 0.00
[ 33s ] thds: 32 tps: 7273.31 qps: 145689.15 (r/w/o: 102038.31/29103.23/14547.61) lat (ms,99%): 7.84 err/s: 0.00 reconn/s: 0.00
[ 34s ] thds: 32 tps: 7409.37 qps: 148094.41 (r/w/o: 103670.18/29602.48/14821.74) lat (ms,99%): 6.32 err/s: 0.00 reconn/s: 0.00
[ 35s ] thds: 32 tps: 7357.47 qps: 147016.43 (r/w/o: 102886.60/29414.89/14714.94) lat (ms,99%): 7.30 err/s: 0.00 reconn/s: 0.00
[ 36s ] thds: 32 tps: 7391.07 qps: 147879.45 (r/w/o: 103523.02/29576.29/14780.15) lat (ms,99%): 6.43 err/s: 0.00 reconn/s: 0.00
[ 37s ] thds: 32 tps: 7358.10 qps: 147346.98 (r/w/o: 103175.39/29453.40/14718.20) lat (ms,99%): 6.91 err/s: 0.00 reconn/s: 0.00
[ 38s ] thds: 32 tps: 7439.86 qps: 148676.27 (r/w/o: 104051.09/29747.45/14877.73) lat (ms,99%): 7.70 err/s: 0.00 reconn/s: 0.00
[ 39s ] thds: 32 tps: 7352.60 qps: 146863.91 (r/w/o: 102772.34/29385.38/14706.19) lat (ms,99%): 6.79 err/s: 0.00 reconn/s: 0.00
[ 40s ] thds: 32 tps: 7541.42 qps: 150973.46 (r/w/o: 105721.92/30167.69/15083.85) lat (ms,99%): 6.32 err/s: 0.00 reconn/s: 0.00
[ 41s ] thds: 32 tps: 7552.17 qps: 151210.49 (r/w/o: 105857.44/30248.70/15104.35) lat (ms,99%): 5.99 err/s: 0.00 reconn/s: 0.00
[ 42s ] thds: 32 tps: 7462.87 qps: 149185.33 (r/w/o: 104429.13/29830.47/14925.73) lat (ms,99%): 6.21 err/s: 0.00 reconn/s: 0.00
[ 43s ] thds: 32 tps: 7403.07 qps: 147848.48 (r/w/o: 103449.04/29593.29/14806.15) lat (ms,99%): 6.91 err/s: 0.00 reconn/s: 0.00
[ 44s ] thds: 32 tps: 7383.81 qps: 147862.31 (r/w/o: 103563.42/29533.26/14765.63) lat (ms,99%): 6.43 err/s: 0.00 reconn/s: 0.00
[ 45s ] thds: 32 tps: 7371.16 qps: 147453.21 (r/w/o: 103198.25/29510.64/14744.32) lat (ms,99%): 6.67 err/s: 0.00 reconn/s: 0.00
[ 46s ] thds: 32 tps: 7719.90 qps: 154294.93 (r/w/o: 107968.55/30888.59/15437.79) lat (ms,99%): 5.77 err/s: 0.00 reconn/s: 0.00
[ 47s ] thds: 32 tps: 7474.25 qps: 149549.08 (r/w/o: 104724.55/29875.01/14949.51) lat (ms,99%): 6.67 err/s: 0.00 reconn/s: 0.00
[ 48s ] thds: 32 tps: 7339.96 qps: 146938.29 (r/w/o: 102823.50/29435.86/14678.93) lat (ms,99%): 6.79 err/s: 0.00 reconn/s: 0.00
[ 49s ] thds: 32 tps: 7331.31 qps: 146504.19 (r/w/o: 102588.33/29252.24/14663.62) lat (ms,99%): 6.55 err/s: 0.00 reconn/s: 0.00
[ 50s ] thds: 32 tps: 7472.46 qps: 149579.10 (r/w/o: 104672.37/29960.82/14945.91) lat (ms,99%): 6.67 err/s: 0.00 reconn/s: 0.00
[ 51s ] thds: 32 tps: 7487.88 qps: 149488.59 (r/w/o: 104634.31/29879.52/14974.76) lat (ms,99%): 6.09 err/s: 0.00 reconn/s: 0.00
[ 52s ] thds: 32 tps: 7364.41 qps: 147560.12 (r/w/o: 103302.68/29527.62/14729.81) lat (ms,99%): 6.55 err/s: 0.00 reconn/s: 0.00
[ 53s ] thds: 32 tps: 7414.53 qps: 148127.58 (r/w/o: 103706.40/29593.12/14828.06) lat (ms,99%): 7.30 err/s: 0.00 reconn/s: 0.00
[ 54s ] thds: 32 tps: 7605.16 qps: 152050.30 (r/w/o: 106425.31/30413.66/15211.33) lat (ms,99%): 6.91 err/s: 0.00 reconn/s: 0.00
[ 55s ] thds: 32 tps: 7495.03 qps: 149912.67 (r/w/o: 104944.47/29979.13/14989.07) lat (ms,99%): 6.79 err/s: 0.00 reconn/s: 0.00
[ 56s ] thds: 32 tps: 7509.97 qps: 150279.32 (r/w/o: 105205.53/30052.86/15020.93) lat (ms,99%): 6.55 err/s: 0.00 reconn/s: 0.00
[ 57s ] thds: 32 tps: 7428.12 qps: 148502.47 (r/w/o: 103945.73/29700.49/14856.25) lat (ms,99%): 7.84 err/s: 0.00 reconn/s: 0.00
[ 58s ] thds: 32 tps: 7751.72 qps: 155020.37 (r/w/o: 108501.06/31015.87/15503.44) lat (ms,99%): 6.09 err/s: 0.00 reconn/s: 0.00
[ 59s ] thds: 32 tps: 7674.23 qps: 153238.55 (r/w/o: 107216.19/30674.91/15347.45) lat (ms,99%): 6.32 err/s: 0.00 reconn/s: 0.00
[ 60s ] thds: 32 tps: 7518.38 qps: 150700.63 (r/w/o: 105572.35/30092.52/15035.76) lat (ms,99%): 6.67 err/s: 0.00 reconn/s: 0.00
SQL statistics:
    queries performed:
        read:                            6048168
        write:                           1728048
        other:                           864024
        total:                           8640240
    transactions:                        432012 (7196.26 per sec.)
    queries:                             8640240 (143925.25 per sec.)
    ignored errors:                      0      (0.00 per sec.)
    reconnects:                          0      (0.00 per sec.)

General statistics:
    total time:                          60.0301s
    total number of events:              432012

Latency (ms):
         min:                                    2.19
         avg:                                    4.44
         max:                                  117.15
         99th percentile:                        8.90
         sum:                              1919680.44

Threads fairness:
    events (avg/stddev):           13500.3750/36.96
    execution time (avg/stddev):   59.9900/0.00

