sysbench 1.0.17 (using bundled LuaJIT 2.1.0-beta2)

Running the test with following options:
Number of threads: 32
Report intermediate results every 1 second(s)
Initializing random number generator from current time


Initializing worker threads...

Threads started!

[ 1s ] thds: 32 tps: 2782.16 qps: 56020.46 (r/w/o: 39253.64/11173.56/5593.26) lat (ms,95%): 15.55 err/s: 0.00 reconn/s: 0.00
[ 2s ] thds: 32 tps: 2824.01 qps: 56474.28 (r/w/o: 39545.19/11279.05/5650.03) lat (ms,95%): 15.27 err/s: 0.00 reconn/s: 0.00
[ 3s ] thds: 32 tps: 2819.05 qps: 56335.06 (r/w/o: 39439.74/11256.21/5639.11) lat (ms,95%): 15.27 err/s: 0.00 reconn/s: 0.00
[ 4s ] thds: 32 tps: 2814.98 qps: 56350.54 (r/w/o: 39445.68/11274.91/5629.95) lat (ms,95%): 15.27 err/s: 0.00 reconn/s: 0.00
[ 5s ] thds: 32 tps: 2809.00 qps: 56131.92 (r/w/o: 39286.94/11228.98/5615.99) lat (ms,95%): 15.27 err/s: 0.00 reconn/s: 0.00
[ 6s ] thds: 32 tps: 2823.01 qps: 56457.15 (r/w/o: 39522.10/11287.03/5648.01) lat (ms,95%): 15.27 err/s: 0.00 reconn/s: 0.00
[ 7s ] thds: 32 tps: 2816.02 qps: 56387.40 (r/w/o: 39475.28/11280.08/5632.04) lat (ms,95%): 15.27 err/s: 0.00 reconn/s: 0.00
[ 8s ] thds: 32 tps: 2826.98 qps: 56432.57 (r/w/o: 39494.70/11283.92/5653.96) lat (ms,95%): 15.27 err/s: 0.00 reconn/s: 0.00
[ 9s ] thds: 32 tps: 2815.94 qps: 56367.81 (r/w/o: 39458.17/11279.76/5629.88) lat (ms,95%): 15.27 err/s: 0.00 reconn/s: 0.00
[ 10s ] thds: 32 tps: 2823.06 qps: 56427.27 (r/w/o: 39489.89/11291.25/5646.13) lat (ms,95%): 15.27 err/s: 0.00 reconn/s: 0.00
[ 11s ] thds: 32 tps: 2820.00 qps: 56436.04 (r/w/o: 39513.03/11282.01/5641.00) lat (ms,95%): 15.27 err/s: 0.00 reconn/s: 0.00
[ 12s ] thds: 32 tps: 2819.00 qps: 56388.96 (r/w/o: 39476.97/11274.99/5637.00) lat (ms,95%): 15.27 err/s: 0.00 reconn/s: 0.00
[ 13s ] thds: 32 tps: 2817.03 qps: 56377.59 (r/w/o: 39465.41/11277.12/5635.06) lat (ms,95%): 15.27 err/s: 0.00 reconn/s: 0.00
[ 14s ] thds: 32 tps: 2821.00 qps: 56365.95 (r/w/o: 39449.97/11275.99/5640.00) lat (ms,95%): 15.27 err/s: 0.00 reconn/s: 0.00
[ 15s ] thds: 32 tps: 2825.00 qps: 56460.97 (r/w/o: 39523.98/11288.99/5648.00) lat (ms,95%): 15.27 err/s: 0.00 reconn/s: 0.00
[ 16s ] thds: 32 tps: 2818.00 qps: 56393.02 (r/w/o: 39476.02/11277.00/5640.00) lat (ms,95%): 15.27 err/s: 0.00 reconn/s: 0.00
[ 17s ] thds: 32 tps: 2823.00 qps: 56419.09 (r/w/o: 39484.06/11291.02/5644.01) lat (ms,95%): 15.27 err/s: 0.00 reconn/s: 0.00
[ 18s ] thds: 32 tps: 2818.00 qps: 56382.90 (r/w/o: 39469.93/11273.98/5638.99) lat (ms,95%): 15.27 err/s: 0.00 reconn/s: 0.00
[ 19s ] thds: 32 tps: 2819.98 qps: 56457.70 (r/w/o: 39527.79/11289.94/5639.97) lat (ms,95%): 15.27 err/s: 0.00 reconn/s: 0.00
[ 20s ] thds: 32 tps: 2818.01 qps: 56315.11 (r/w/o: 39415.08/11264.02/5636.01) lat (ms,95%): 15.27 err/s: 0.00 reconn/s: 0.00
[ 21s ] thds: 32 tps: 2820.01 qps: 56444.22 (r/w/o: 39516.15/11288.04/5640.02) lat (ms,95%): 15.27 err/s: 0.00 reconn/s: 0.00
[ 22s ] thds: 32 tps: 2824.00 qps: 56463.91 (r/w/o: 39518.93/11296.98/5647.99) lat (ms,95%): 15.27 err/s: 0.00 reconn/s: 0.00
[ 23s ] thds: 32 tps: 2818.01 qps: 56361.16 (r/w/o: 39461.11/11264.03/5636.02) lat (ms,95%): 15.27 err/s: 0.00 reconn/s: 0.00
[ 24s ] thds: 32 tps: 2823.00 qps: 56413.95 (r/w/o: 39484.97/11283.99/5645.00) lat (ms,95%): 15.27 err/s: 0.00 reconn/s: 0.00
[ 25s ] thds: 32 tps: 2817.01 qps: 56443.10 (r/w/o: 39504.07/11304.02/5635.01) lat (ms,95%): 15.27 err/s: 0.00 reconn/s: 0.00
[ 26s ] thds: 32 tps: 2821.00 qps: 56406.93 (r/w/o: 39494.95/11270.99/5640.99) lat (ms,95%): 15.27 err/s: 0.00 reconn/s: 0.00
[ 27s ] thds: 32 tps: 2823.00 qps: 56404.04 (r/w/o: 39483.03/11276.01/5645.00) lat (ms,95%): 15.27 err/s: 0.00 reconn/s: 0.00
[ 28s ] thds: 32 tps: 2827.00 qps: 56483.05 (r/w/o: 39527.04/11306.01/5650.01) lat (ms,95%): 15.27 err/s: 0.00 reconn/s: 0.00
[ 29s ] thds: 32 tps: 2785.98 qps: 55808.66 (r/w/o: 39097.76/11133.93/5576.97) lat (ms,95%): 15.55 err/s: 0.00 reconn/s: 0.00
[ 30s ] thds: 32 tps: 2816.01 qps: 56269.11 (r/w/o: 39376.07/11261.02/5632.01) lat (ms,95%): 15.27 err/s: 0.00 reconn/s: 0.00
[ 31s ] thds: 32 tps: 2819.01 qps: 56399.13 (r/w/o: 39459.09/11302.03/5638.01) lat (ms,95%): 15.27 err/s: 0.00 reconn/s: 0.00
[ 32s ] thds: 32 tps: 2815.99 qps: 56325.86 (r/w/o: 39437.90/11254.97/5632.99) lat (ms,95%): 15.55 err/s: 0.00 reconn/s: 0.00
[ 33s ] thds: 32 tps: 2819.01 qps: 56356.22 (r/w/o: 39447.15/11274.04/5635.02) lat (ms,95%): 15.27 err/s: 0.00 reconn/s: 0.00
[ 34s ] thds: 32 tps: 2813.00 qps: 56251.99 (r/w/o: 39373.99/11255.00/5623.00) lat (ms,95%): 15.27 err/s: 0.00 reconn/s: 0.00
[ 35s ] thds: 32 tps: 2820.99 qps: 56393.79 (r/w/o: 39473.85/11274.96/5644.98) lat (ms,95%): 15.27 err/s: 0.00 reconn/s: 0.00
[ 36s ] thds: 32 tps: 2769.02 qps: 55385.32 (r/w/o: 38774.23/11071.06/5540.03) lat (ms,95%): 15.55 err/s: 0.00 reconn/s: 0.00
[ 37s ] thds: 32 tps: 2816.94 qps: 56401.82 (r/w/o: 39483.17/11284.76/5633.88) lat (ms,95%): 15.27 err/s: 0.00 reconn/s: 0.00
[ 38s ] thds: 32 tps: 2821.06 qps: 56387.24 (r/w/o: 39475.87/11268.25/5643.12) lat (ms,95%): 15.27 err/s: 0.00 reconn/s: 0.00
[ 39s ] thds: 32 tps: 2820.00 qps: 56363.99 (r/w/o: 39440.99/11287.00/5636.00) lat (ms,95%): 15.27 err/s: 0.00 reconn/s: 0.00
[ 40s ] thds: 32 tps: 2810.99 qps: 56295.76 (r/w/o: 39422.83/11246.95/5625.98) lat (ms,95%): 15.27 err/s: 0.00 reconn/s: 0.00
[ 41s ] thds: 32 tps: 2819.01 qps: 56371.18 (r/w/o: 39454.13/11282.04/5635.02) lat (ms,95%): 15.27 err/s: 0.00 reconn/s: 0.00
[ 42s ] thds: 32 tps: 2821.00 qps: 56363.05 (r/w/o: 39453.04/11265.01/5645.01) lat (ms,95%): 15.27 err/s: 0.00 reconn/s: 0.00
[ 43s ] thds: 32 tps: 2821.98 qps: 56480.61 (r/w/o: 39528.73/11309.92/5641.96) lat (ms,95%): 15.27 err/s: 0.00 reconn/s: 0.00
[ 44s ] thds: 32 tps: 2823.01 qps: 56437.27 (r/w/o: 39510.19/11282.05/5645.03) lat (ms,95%): 15.27 err/s: 0.00 reconn/s: 0.00
[ 45s ] thds: 32 tps: 2550.99 qps: 51043.75 (r/w/o: 35738.83/10199.95/5104.98) lat (ms,95%): 15.55 err/s: 0.00 reconn/s: 0.00
[ 46s ] thds: 32 tps: 2820.97 qps: 56378.31 (r/w/o: 39458.52/11279.86/5639.93) lat (ms,95%): 15.27 err/s: 0.00 reconn/s: 0.00
[ 47s ] thds: 32 tps: 2820.02 qps: 56436.32 (r/w/o: 39510.23/11287.06/5639.03) lat (ms,95%): 15.27 err/s: 0.00 reconn/s: 0.00
[ 48s ] thds: 32 tps: 2820.01 qps: 56354.16 (r/w/o: 39441.11/11273.03/5640.02) lat (ms,95%): 15.27 err/s: 0.00 reconn/s: 0.00
[ 49s ] thds: 32 tps: 2812.98 qps: 56263.65 (r/w/o: 39378.75/11256.93/5627.96) lat (ms,95%): 15.27 err/s: 0.00 reconn/s: 0.00
[ 50s ] thds: 32 tps: 2817.03 qps: 56367.63 (r/w/o: 39466.44/11267.13/5634.06) lat (ms,95%): 15.27 err/s: 0.00 reconn/s: 0.00
[ 51s ] thds: 32 tps: 2814.99 qps: 56295.86 (r/w/o: 39399.90/11267.97/5627.99) lat (ms,95%): 15.55 err/s: 0.00 reconn/s: 0.00
[ 52s ] thds: 32 tps: 2811.99 qps: 56272.81 (r/w/o: 39398.87/11249.96/5623.98) lat (ms,95%): 15.27 err/s: 0.00 reconn/s: 0.00
[ 53s ] thds: 32 tps: 2820.00 qps: 56319.97 (r/w/o: 39415.98/11262.99/5641.00) lat (ms,95%): 15.27 err/s: 0.00 reconn/s: 0.00
[ 54s ] thds: 32 tps: 2814.02 qps: 56375.32 (r/w/o: 39464.22/11282.06/5629.03) lat (ms,95%): 15.27 err/s: 0.00 reconn/s: 0.00
[ 55s ] thds: 32 tps: 2826.00 qps: 56472.03 (r/w/o: 39536.02/11284.01/5652.00) lat (ms,95%): 15.27 err/s: 0.00 reconn/s: 0.00
[ 56s ] thds: 32 tps: 2813.02 qps: 56257.37 (r/w/o: 39385.26/11246.07/5626.04) lat (ms,95%): 15.27 err/s: 0.00 reconn/s: 0.00
[ 57s ] thds: 32 tps: 2817.97 qps: 56356.33 (r/w/o: 39440.53/11279.87/5635.93) lat (ms,95%): 15.27 err/s: 0.00 reconn/s: 0.00
[ 58s ] thds: 32 tps: 2816.00 qps: 56373.95 (r/w/o: 39472.96/11267.99/5632.99) lat (ms,95%): 15.27 err/s: 0.00 reconn/s: 0.00
[ 59s ] thds: 32 tps: 2815.02 qps: 56236.37 (r/w/o: 39361.26/11247.07/5628.04) lat (ms,95%): 15.27 err/s: 0.00 reconn/s: 0.00
[ 60s ] thds: 32 tps: 2818.99 qps: 56395.85 (r/w/o: 39479.90/11275.97/5639.99) lat (ms,95%): 15.27 err/s: 0.00 reconn/s: 0.00
SQL statistics:
    queries performed:
        read:                            2363018
        write:                           675148
        other:                           337574
        total:                           3375740
    transactions:                        168787 (2812.57 per sec.)
    queries:                             3375740 (56251.46 per sec.)
    ignored errors:                      0      (0.00 per sec.)
    reconnects:                          0      (0.00 per sec.)

General statistics:
    total time:                          60.0099s
    total number of events:              168787

Latency (ms):
         min:                                    5.17
         avg:                                   11.38
         max:                                  115.30
         95th percentile:                       15.27
         sum:                              1920043.05

Threads fairness:
    events (avg/stddev):           5274.5938/1096.67
    execution time (avg/stddev):   60.0013/0.00

