sysbench 1.0.17 (using bundled LuaJIT 2.1.0-beta2)

Running the test with following options:
Number of threads: 32
Report intermediate results every 1 second(s)
Initializing random number generator from current time


Initializing worker threads...

Threads started!

[ 1s ] thds: 32 tps: 2802.06 qps: 56359.52 (r/w/o: 39501.26/11224.21/5634.06) lat (ms,95%): 15.00 err/s: 0.00 reconn/s: 0.00
[ 2s ] thds: 32 tps: 2817.11 qps: 56392.16 (r/w/o: 39469.51/11287.43/5635.22) lat (ms,95%): 15.00 err/s: 0.00 reconn/s: 0.00
[ 3s ] thds: 32 tps: 2821.98 qps: 56397.57 (r/w/o: 39486.70/11266.92/5643.96) lat (ms,95%): 15.00 err/s: 0.00 reconn/s: 0.00
[ 4s ] thds: 32 tps: 2818.98 qps: 56405.62 (r/w/o: 39485.73/11281.92/5637.96) lat (ms,95%): 15.00 err/s: 0.00 reconn/s: 0.00
[ 5s ] thds: 32 tps: 2822.99 qps: 56428.83 (r/w/o: 39497.88/11283.97/5646.98) lat (ms,95%): 15.00 err/s: 0.00 reconn/s: 0.00
[ 6s ] thds: 32 tps: 2808.02 qps: 56165.47 (r/w/o: 39317.33/11233.09/5615.05) lat (ms,95%): 15.00 err/s: 0.00 reconn/s: 0.00
[ 7s ] thds: 32 tps: 2819.00 qps: 56406.04 (r/w/o: 39488.03/11281.01/5637.00) lat (ms,95%): 15.00 err/s: 0.00 reconn/s: 0.00
[ 8s ] thds: 32 tps: 2819.99 qps: 56387.82 (r/w/o: 39477.88/11267.96/5641.98) lat (ms,95%): 15.00 err/s: 0.00 reconn/s: 0.00
[ 9s ] thds: 32 tps: 2821.98 qps: 56416.64 (r/w/o: 39475.75/11296.93/5643.96) lat (ms,95%): 15.00 err/s: 0.00 reconn/s: 0.00
[ 10s ] thds: 32 tps: 2817.01 qps: 56328.27 (r/w/o: 39425.19/11269.05/5634.03) lat (ms,95%): 15.00 err/s: 0.00 reconn/s: 0.00
[ 11s ] thds: 32 tps: 2821.04 qps: 56439.79 (r/w/o: 39511.55/11287.16/5641.08) lat (ms,95%): 15.00 err/s: 0.00 reconn/s: 0.00
[ 12s ] thds: 32 tps: 2818.98 qps: 56434.56 (r/w/o: 39515.69/11280.91/5637.96) lat (ms,95%): 15.00 err/s: 0.00 reconn/s: 0.00
[ 13s ] thds: 32 tps: 2819.00 qps: 56373.07 (r/w/o: 39468.05/11266.01/5639.01) lat (ms,95%): 15.00 err/s: 0.00 reconn/s: 0.00
[ 14s ] thds: 32 tps: 2814.99 qps: 56207.81 (r/w/o: 39321.86/11258.96/5626.98) lat (ms,95%): 15.00 err/s: 0.00 reconn/s: 0.00
[ 15s ] thds: 32 tps: 2815.97 qps: 56373.44 (r/w/o: 39465.61/11273.89/5633.94) lat (ms,95%): 15.00 err/s: 0.00 reconn/s: 0.00
[ 16s ] thds: 32 tps: 2818.01 qps: 56372.19 (r/w/o: 39469.14/11269.04/5634.02) lat (ms,95%): 15.00 err/s: 0.00 reconn/s: 0.00
[ 17s ] thds: 32 tps: 2828.00 qps: 56464.97 (r/w/o: 39516.98/11292.99/5655.00) lat (ms,95%): 15.00 err/s: 0.00 reconn/s: 0.00
[ 18s ] thds: 32 tps: 2816.00 qps: 56349.00 (r/w/o: 39444.00/11270.00/5635.00) lat (ms,95%): 15.00 err/s: 0.00 reconn/s: 0.00
[ 19s ] thds: 32 tps: 2820.02 qps: 56434.42 (r/w/o: 39509.29/11286.08/5639.04) lat (ms,95%): 15.00 err/s: 0.00 reconn/s: 0.00
[ 20s ] thds: 32 tps: 2820.96 qps: 56422.22 (r/w/o: 39489.46/11289.84/5642.92) lat (ms,95%): 15.00 err/s: 0.00 reconn/s: 0.00
[ 21s ] thds: 32 tps: 2824.00 qps: 56468.07 (r/w/o: 39532.05/11289.01/5647.01) lat (ms,95%): 15.00 err/s: 0.00 reconn/s: 0.00
[ 22s ] thds: 32 tps: 2812.99 qps: 56311.81 (r/w/o: 39416.87/11267.96/5626.98) lat (ms,95%): 15.00 err/s: 0.00 reconn/s: 0.00
[ 23s ] thds: 32 tps: 2771.01 qps: 55375.22 (r/w/o: 38764.16/11069.04/5542.02) lat (ms,95%): 15.55 err/s: 0.00 reconn/s: 0.00
[ 24s ] thds: 32 tps: 2808.00 qps: 56195.96 (r/w/o: 39344.97/11234.99/5616.00) lat (ms,95%): 15.00 err/s: 0.00 reconn/s: 0.00
[ 25s ] thds: 32 tps: 2820.01 qps: 56353.15 (r/w/o: 39437.11/11276.03/5640.02) lat (ms,95%): 15.00 err/s: 0.00 reconn/s: 0.00
[ 26s ] thds: 32 tps: 2799.99 qps: 56028.88 (r/w/o: 39227.91/11201.98/5598.99) lat (ms,95%): 15.27 err/s: 0.00 reconn/s: 0.00
[ 27s ] thds: 32 tps: 2812.00 qps: 56262.95 (r/w/o: 39385.97/11251.99/5625.00) lat (ms,95%): 15.00 err/s: 0.00 reconn/s: 0.00
[ 28s ] thds: 32 tps: 2824.03 qps: 56435.58 (r/w/o: 39489.40/11298.12/5648.06) lat (ms,95%): 15.00 err/s: 0.00 reconn/s: 0.00
[ 29s ] thds: 32 tps: 2769.97 qps: 55400.46 (r/w/o: 38788.62/11072.89/5538.95) lat (ms,95%): 15.27 err/s: 0.00 reconn/s: 0.00
[ 30s ] thds: 32 tps: 2814.01 qps: 56327.20 (r/w/o: 39433.14/11264.04/5630.02) lat (ms,95%): 15.00 err/s: 0.00 reconn/s: 0.00
[ 31s ] thds: 32 tps: 2816.00 qps: 56316.98 (r/w/o: 39425.99/11260.00/5631.00) lat (ms,95%): 15.00 err/s: 0.00 reconn/s: 0.00
[ 32s ] thds: 32 tps: 2770.99 qps: 55444.85 (r/w/o: 38806.90/11095.97/5541.99) lat (ms,95%): 15.00 err/s: 0.00 reconn/s: 0.00
[ 33s ] thds: 32 tps: 2798.98 qps: 55923.66 (r/w/o: 39142.76/11183.93/5596.97) lat (ms,95%): 15.00 err/s: 0.00 reconn/s: 0.00
[ 34s ] thds: 32 tps: 2813.04 qps: 56241.77 (r/w/o: 39366.54/11248.15/5627.08) lat (ms,95%): 15.00 err/s: 0.00 reconn/s: 0.00
[ 35s ] thds: 32 tps: 2818.00 qps: 56391.05 (r/w/o: 39474.04/11281.01/5636.01) lat (ms,95%): 15.00 err/s: 0.00 reconn/s: 0.00
[ 36s ] thds: 32 tps: 2820.99 qps: 56381.86 (r/w/o: 39464.90/11273.97/5642.99) lat (ms,95%): 14.73 err/s: 0.00 reconn/s: 0.00
[ 37s ] thds: 32 tps: 2813.00 qps: 56310.95 (r/w/o: 39420.96/11265.99/5623.99) lat (ms,95%): 15.00 err/s: 0.00 reconn/s: 0.00
[ 38s ] thds: 32 tps: 2815.01 qps: 56301.17 (r/w/o: 39415.12/11255.03/5631.02) lat (ms,95%): 15.00 err/s: 0.00 reconn/s: 0.00
[ 39s ] thds: 32 tps: 2819.00 qps: 56390.99 (r/w/o: 39479.99/11272.00/5639.00) lat (ms,95%): 15.00 err/s: 0.00 reconn/s: 0.00
[ 40s ] thds: 32 tps: 2821.98 qps: 56434.56 (r/w/o: 39500.69/11289.91/5643.96) lat (ms,95%): 15.00 err/s: 0.00 reconn/s: 0.00
[ 41s ] thds: 32 tps: 2824.01 qps: 56447.12 (r/w/o: 39503.09/11298.02/5646.01) lat (ms,95%): 15.00 err/s: 0.00 reconn/s: 0.00
[ 42s ] thds: 32 tps: 2553.00 qps: 51071.04 (r/w/o: 35754.03/10210.01/5107.00) lat (ms,95%): 15.27 err/s: 0.00 reconn/s: 0.00
[ 43s ] thds: 32 tps: 2811.00 qps: 56257.10 (r/w/o: 39381.07/11254.02/5622.01) lat (ms,95%): 15.00 err/s: 0.00 reconn/s: 0.00
[ 44s ] thds: 32 tps: 2823.00 qps: 56389.09 (r/w/o: 39468.06/11274.02/5647.01) lat (ms,95%): 15.00 err/s: 0.00 reconn/s: 0.00
[ 45s ] thds: 32 tps: 2823.01 qps: 56475.16 (r/w/o: 39535.11/11294.03/5646.02) lat (ms,95%): 15.00 err/s: 0.00 reconn/s: 0.00
[ 46s ] thds: 32 tps: 2819.98 qps: 56386.61 (r/w/o: 39467.73/11280.92/5637.96) lat (ms,95%): 15.00 err/s: 0.00 reconn/s: 0.00
[ 47s ] thds: 32 tps: 2815.01 qps: 56342.12 (r/w/o: 39443.08/11268.02/5631.01) lat (ms,95%): 15.00 err/s: 0.00 reconn/s: 0.00
[ 48s ] thds: 32 tps: 2821.00 qps: 56337.06 (r/w/o: 39427.04/11270.01/5640.01) lat (ms,95%): 15.00 err/s: 0.00 reconn/s: 0.00
[ 49s ] thds: 32 tps: 2793.00 qps: 55917.02 (r/w/o: 39159.02/11170.00/5588.00) lat (ms,95%): 15.00 err/s: 0.00 reconn/s: 0.00
[ 50s ] thds: 32 tps: 2820.99 qps: 56421.78 (r/w/o: 39486.84/11292.96/5641.98) lat (ms,95%): 15.00 err/s: 0.00 reconn/s: 0.00
[ 51s ] thds: 32 tps: 2820.00 qps: 56412.09 (r/w/o: 39486.06/11286.02/5640.01) lat (ms,95%): 15.00 err/s: 0.00 reconn/s: 0.00
[ 52s ] thds: 32 tps: 2820.99 qps: 56423.75 (r/w/o: 39503.83/11277.95/5641.98) lat (ms,95%): 15.00 err/s: 0.00 reconn/s: 0.00
[ 53s ] thds: 32 tps: 2821.00 qps: 56384.10 (r/w/o: 39463.07/11282.02/5639.01) lat (ms,95%): 15.00 err/s: 0.00 reconn/s: 0.00
[ 54s ] thds: 32 tps: 2815.02 qps: 56341.35 (r/w/o: 39433.24/11275.07/5633.03) lat (ms,95%): 15.00 err/s: 0.00 reconn/s: 0.00
[ 55s ] thds: 32 tps: 2811.99 qps: 56196.70 (r/w/o: 39340.79/11231.94/5623.97) lat (ms,95%): 15.27 err/s: 0.00 reconn/s: 0.00
[ 56s ] thds: 32 tps: 2824.00 qps: 56496.03 (r/w/o: 39554.02/11294.01/5648.00) lat (ms,95%): 15.00 err/s: 0.00 reconn/s: 0.00
[ 57s ] thds: 32 tps: 2818.00 qps: 56319.91 (r/w/o: 39418.94/11264.98/5635.99) lat (ms,95%): 15.00 err/s: 0.00 reconn/s: 0.00
[ 58s ] thds: 32 tps: 2818.99 qps: 56411.77 (r/w/o: 39487.84/11285.95/5637.98) lat (ms,95%): 15.00 err/s: 0.00 reconn/s: 0.00
[ 59s ] thds: 32 tps: 2821.05 qps: 56441.93 (r/w/o: 39509.65/11290.19/5642.09) lat (ms,95%): 14.73 err/s: 0.00 reconn/s: 0.00
[ 60s ] thds: 32 tps: 2817.38 qps: 56353.69 (r/w/o: 39437.38/11282.54/5633.77) lat (ms,95%): 15.00 err/s: 0.00 reconn/s: 0.00
SQL statistics:
    queries performed:
        read:                            2361156
        write:                           674616
        other:                           337308
        total:                           3373080
    transactions:                        168654 (2810.38 per sec.)
    queries:                             3373080 (56207.59 per sec.)
    ignored errors:                      0      (0.00 per sec.)
    reconnects:                          0      (0.00 per sec.)

General statistics:
    total time:                          60.0093s
    total number of events:              168654

Latency (ms):
         min:                                    3.30
         avg:                                   11.38
         max:                                  113.64
         95th percentile:                       15.00
         sum:                              1920013.49

Threads fairness:
    events (avg/stddev):           5270.4375/967.23
    execution time (avg/stddev):   60.0004/0.00

