sysbench 1.0.17 (using bundled LuaJIT 2.1.0-beta2)

Running the test with following options:
Number of threads: 32
Report intermediate results every 1 second(s)
Initializing random number generator from current time


Initializing worker threads...

Threads started!

[ 1s ] thds: 32 tps: 2794.94 qps: 56213.25 (r/w/o: 39399.68/11195.74/5617.83) lat (ms,95%): 14.73 err/s: 0.00 reconn/s: 0.00
[ 2s ] thds: 32 tps: 2823.04 qps: 56473.78 (r/w/o: 39535.54/11290.16/5648.08) lat (ms,95%): 14.46 err/s: 0.00 reconn/s: 0.00
[ 3s ] thds: 32 tps: 2819.01 qps: 56394.11 (r/w/o: 39474.08/11280.02/5640.01) lat (ms,95%): 14.73 err/s: 0.00 reconn/s: 0.00
[ 4s ] thds: 32 tps: 2814.01 qps: 56405.17 (r/w/o: 39480.12/11297.03/5628.02) lat (ms,95%): 14.73 err/s: 0.00 reconn/s: 0.00
[ 5s ] thds: 32 tps: 2772.99 qps: 55327.78 (r/w/o: 38724.85/11058.96/5543.98) lat (ms,95%): 15.00 err/s: 0.00 reconn/s: 0.00
[ 6s ] thds: 32 tps: 2825.00 qps: 56472.99 (r/w/o: 39533.99/11288.00/5651.00) lat (ms,95%): 14.46 err/s: 0.00 reconn/s: 0.00
[ 7s ] thds: 32 tps: 2822.01 qps: 56465.13 (r/w/o: 39528.09/11294.03/5643.01) lat (ms,95%): 14.46 err/s: 0.00 reconn/s: 0.00
[ 8s ] thds: 32 tps: 2819.98 qps: 56384.66 (r/w/o: 39463.76/11278.93/5641.97) lat (ms,95%): 14.73 err/s: 0.00 reconn/s: 0.00
[ 9s ] thds: 32 tps: 2815.01 qps: 56336.25 (r/w/o: 39444.17/11264.05/5628.02) lat (ms,95%): 14.46 err/s: 0.00 reconn/s: 0.00
[ 10s ] thds: 32 tps: 2821.98 qps: 56415.54 (r/w/o: 39495.68/11273.91/5645.95) lat (ms,95%): 14.73 err/s: 0.00 reconn/s: 0.00
[ 11s ] thds: 32 tps: 2820.98 qps: 56416.54 (r/w/o: 39487.68/11287.91/5640.95) lat (ms,95%): 14.73 err/s: 0.00 reconn/s: 0.00
[ 12s ] thds: 32 tps: 2817.03 qps: 56324.50 (r/w/o: 39426.35/11266.10/5632.05) lat (ms,95%): 14.73 err/s: 0.00 reconn/s: 0.00
[ 13s ] thds: 32 tps: 2822.00 qps: 56473.94 (r/w/o: 39529.96/11297.99/5645.99) lat (ms,95%): 14.73 err/s: 0.00 reconn/s: 0.00
[ 14s ] thds: 32 tps: 2821.01 qps: 56392.16 (r/w/o: 39475.11/11279.03/5638.02) lat (ms,95%): 14.73 err/s: 0.00 reconn/s: 0.00
[ 15s ] thds: 32 tps: 2817.03 qps: 56399.57 (r/w/o: 39486.40/11274.11/5639.06) lat (ms,95%): 14.46 err/s: 0.00 reconn/s: 0.00
[ 16s ] thds: 32 tps: 2828.00 qps: 56487.03 (r/w/o: 39529.02/11303.01/5655.00) lat (ms,95%): 14.73 err/s: 0.00 reconn/s: 0.00
[ 17s ] thds: 32 tps: 2810.98 qps: 56276.52 (r/w/o: 39395.66/11257.90/5622.95) lat (ms,95%): 14.73 err/s: 0.00 reconn/s: 0.00
[ 18s ] thds: 32 tps: 2823.00 qps: 56421.07 (r/w/o: 39496.05/11279.01/5646.01) lat (ms,95%): 14.46 err/s: 0.00 reconn/s: 0.00
[ 19s ] thds: 32 tps: 2818.01 qps: 56393.22 (r/w/o: 39473.15/11285.04/5635.02) lat (ms,95%): 14.46 err/s: 0.00 reconn/s: 0.00
[ 20s ] thds: 32 tps: 2812.99 qps: 56299.85 (r/w/o: 39412.89/11259.97/5626.98) lat (ms,95%): 14.73 err/s: 0.00 reconn/s: 0.00
[ 21s ] thds: 32 tps: 2824.01 qps: 56414.10 (r/w/o: 39500.07/11267.02/5647.01) lat (ms,95%): 14.73 err/s: 0.00 reconn/s: 0.00
[ 22s ] thds: 32 tps: 2819.98 qps: 56416.50 (r/w/o: 39479.65/11296.90/5639.95) lat (ms,95%): 14.46 err/s: 0.00 reconn/s: 0.00
[ 23s ] thds: 32 tps: 2819.01 qps: 56396.15 (r/w/o: 39488.10/11269.03/5639.01) lat (ms,95%): 14.46 err/s: 0.00 reconn/s: 0.00
[ 24s ] thds: 32 tps: 2820.02 qps: 56385.47 (r/w/o: 39459.33/11287.09/5639.05) lat (ms,95%): 14.46 err/s: 0.00 reconn/s: 0.00
[ 25s ] thds: 32 tps: 2824.97 qps: 56506.35 (r/w/o: 39553.54/11301.87/5650.93) lat (ms,95%): 14.73 err/s: 0.00 reconn/s: 0.00
[ 26s ] thds: 32 tps: 2818.01 qps: 56323.27 (r/w/o: 39425.19/11265.05/5633.03) lat (ms,95%): 14.73 err/s: 0.00 reconn/s: 0.00
[ 27s ] thds: 32 tps: 2825.99 qps: 56473.79 (r/w/o: 39526.86/11291.96/5654.98) lat (ms,95%): 14.73 err/s: 0.00 reconn/s: 0.00
[ 28s ] thds: 32 tps: 2811.01 qps: 56314.30 (r/w/o: 39427.21/11266.06/5621.03) lat (ms,95%): 14.73 err/s: 0.00 reconn/s: 0.00
[ 29s ] thds: 32 tps: 2820.99 qps: 56441.84 (r/w/o: 39509.89/11289.97/5641.98) lat (ms,95%): 14.46 err/s: 0.00 reconn/s: 0.00
[ 30s ] thds: 32 tps: 2822.99 qps: 56411.84 (r/w/o: 39492.89/11271.97/5646.98) lat (ms,95%): 14.73 err/s: 0.00 reconn/s: 0.00
[ 31s ] thds: 32 tps: 2819.03 qps: 56371.62 (r/w/o: 39455.43/11279.12/5637.06) lat (ms,95%): 14.46 err/s: 0.00 reconn/s: 0.00
[ 32s ] thds: 32 tps: 2818.99 qps: 56321.86 (r/w/o: 39420.90/11264.97/5635.99) lat (ms,95%): 14.46 err/s: 0.00 reconn/s: 0.00
[ 33s ] thds: 32 tps: 2815.97 qps: 56394.32 (r/w/o: 39488.53/11271.86/5633.93) lat (ms,95%): 14.46 err/s: 0.00 reconn/s: 0.00
[ 34s ] thds: 32 tps: 2822.03 qps: 56418.59 (r/w/o: 39479.41/11297.12/5642.06) lat (ms,95%): 14.46 err/s: 0.00 reconn/s: 0.00
[ 35s ] thds: 32 tps: 2817.98 qps: 56389.54 (r/w/o: 39475.68/11274.91/5638.95) lat (ms,95%): 14.73 err/s: 0.00 reconn/s: 0.00
[ 36s ] thds: 32 tps: 2812.01 qps: 56279.10 (r/w/o: 39393.07/11263.02/5623.01) lat (ms,95%): 14.73 err/s: 0.00 reconn/s: 0.00
[ 37s ] thds: 32 tps: 2823.00 qps: 56446.96 (r/w/o: 39516.97/11282.99/5647.00) lat (ms,95%): 14.73 err/s: 0.00 reconn/s: 0.00
[ 38s ] thds: 32 tps: 2826.98 qps: 56453.56 (r/w/o: 39512.69/11287.91/5652.96) lat (ms,95%): 14.73 err/s: 0.00 reconn/s: 0.00
[ 39s ] thds: 32 tps: 2815.04 qps: 56315.82 (r/w/o: 39426.57/11259.16/5630.08) lat (ms,95%): 14.73 err/s: 0.00 reconn/s: 0.00
[ 40s ] thds: 32 tps: 2546.00 qps: 51000.00 (r/w/o: 35712.00/10195.00/5093.00) lat (ms,95%): 14.73 err/s: 0.00 reconn/s: 0.00
[ 41s ] thds: 32 tps: 2825.01 qps: 56422.12 (r/w/o: 39484.08/11290.02/5648.01) lat (ms,95%): 14.46 err/s: 0.00 reconn/s: 0.00
[ 42s ] thds: 32 tps: 2821.98 qps: 56458.64 (r/w/o: 39521.74/11290.93/5645.96) lat (ms,95%): 14.46 err/s: 0.00 reconn/s: 0.00
[ 43s ] thds: 32 tps: 2818.02 qps: 56373.32 (r/w/o: 39460.23/11278.06/5635.03) lat (ms,95%): 14.73 err/s: 0.00 reconn/s: 0.00
[ 44s ] thds: 32 tps: 2818.98 qps: 56395.62 (r/w/o: 39479.74/11276.92/5638.96) lat (ms,95%): 14.46 err/s: 0.00 reconn/s: 0.00
[ 45s ] thds: 32 tps: 2822.00 qps: 56426.08 (r/w/o: 39499.05/11283.02/5644.01) lat (ms,95%): 14.73 err/s: 0.00 reconn/s: 0.00
[ 46s ] thds: 32 tps: 2825.03 qps: 56439.59 (r/w/o: 39497.41/11294.12/5648.06) lat (ms,95%): 14.46 err/s: 0.00 reconn/s: 0.00
[ 47s ] thds: 32 tps: 2814.00 qps: 56323.03 (r/w/o: 39436.02/11260.01/5627.00) lat (ms,95%): 14.73 err/s: 0.00 reconn/s: 0.00
[ 48s ] thds: 32 tps: 2821.00 qps: 56426.96 (r/w/o: 39499.97/11282.99/5644.00) lat (ms,95%): 14.46 err/s: 0.00 reconn/s: 0.00
[ 49s ] thds: 32 tps: 2822.00 qps: 56433.94 (r/w/o: 39494.95/11293.99/5644.99) lat (ms,95%): 14.46 err/s: 0.00 reconn/s: 0.00
[ 50s ] thds: 32 tps: 2821.97 qps: 56446.38 (r/w/o: 39514.57/11287.88/5643.94) lat (ms,95%): 14.46 err/s: 0.00 reconn/s: 0.00
[ 51s ] thds: 32 tps: 2808.00 qps: 56148.02 (r/w/o: 39304.01/11228.00/5616.00) lat (ms,95%): 14.73 err/s: 0.00 reconn/s: 0.00
[ 52s ] thds: 32 tps: 2819.01 qps: 56377.16 (r/w/o: 39464.11/11278.03/5635.02) lat (ms,95%): 14.73 err/s: 0.00 reconn/s: 0.00
[ 53s ] thds: 32 tps: 2819.00 qps: 56373.08 (r/w/o: 39458.06/11276.02/5639.01) lat (ms,95%): 14.73 err/s: 0.00 reconn/s: 0.00
[ 54s ] thds: 32 tps: 2819.00 qps: 56384.07 (r/w/o: 39477.05/11270.01/5637.01) lat (ms,95%): 14.73 err/s: 0.00 reconn/s: 0.00
[ 55s ] thds: 32 tps: 2807.02 qps: 56187.32 (r/w/o: 39331.22/11240.06/5616.03) lat (ms,95%): 14.73 err/s: 0.00 reconn/s: 0.00
[ 56s ] thds: 32 tps: 2817.00 qps: 56297.07 (r/w/o: 39407.05/11257.01/5633.01) lat (ms,95%): 14.73 err/s: 0.00 reconn/s: 0.00
[ 57s ] thds: 32 tps: 2819.97 qps: 56389.39 (r/w/o: 39467.58/11279.88/5641.94) lat (ms,95%): 14.73 err/s: 0.00 reconn/s: 0.00
[ 58s ] thds: 32 tps: 2814.02 qps: 56298.33 (r/w/o: 39412.23/11258.07/5628.03) lat (ms,95%): 14.73 err/s: 0.00 reconn/s: 0.00
[ 59s ] thds: 32 tps: 2546.00 qps: 50956.10 (r/w/o: 35676.07/10188.02/5092.01) lat (ms,95%): 14.73 err/s: 0.00 reconn/s: 0.00
[ 60s ] thds: 32 tps: 2822.68 qps: 56435.67 (r/w/o: 39495.57/11294.73/5645.37) lat (ms,95%): 14.73 err/s: 0.00 reconn/s: 0.00
SQL statistics:
    queries performed:
        read:                            2360148
        write:                           674328
        other:                           337164
        total:                           3371640
    transactions:                        168582 (2809.18 per sec.)
    queries:                             3371640 (56183.62 per sec.)
    ignored errors:                      0      (0.00 per sec.)
    reconnects:                          0      (0.00 per sec.)

General statistics:
    total time:                          60.0094s
    total number of events:              168582

Latency (ms):
         min:                                    5.28
         avg:                                   11.39
         max:                                  115.04
         95th percentile:                       14.73
         sum:                              1920028.92

Threads fairness:
    events (avg/stddev):           5268.1875/805.46
    execution time (avg/stddev):   60.0009/0.00

