sysbench 1.0.17 (using bundled LuaJIT 2.1.0-beta2)

Running the test with following options:
Number of threads: 32
Report intermediate results every 1 second(s)
Initializing random number generator from current time


Initializing worker threads...

Threads started!

[ 1s ] thds: 32 tps: 2794.34 qps: 56158.32 (r/w/o: 39351.34/11189.35/5617.63) lat (ms,95%): 15.27 err/s: 0.00 reconn/s: 0.00
[ 2s ] thds: 32 tps: 2753.05 qps: 55097.07 (r/w/o: 38570.75/11018.21/5508.11) lat (ms,95%): 15.83 err/s: 0.00 reconn/s: 0.00
[ 3s ] thds: 32 tps: 2810.01 qps: 56291.28 (r/w/o: 39422.20/11248.06/5621.03) lat (ms,95%): 15.55 err/s: 0.00 reconn/s: 0.00
[ 4s ] thds: 32 tps: 2812.02 qps: 56158.38 (r/w/o: 39299.27/11237.08/5622.04) lat (ms,95%): 15.27 err/s: 0.00 reconn/s: 0.00
[ 5s ] thds: 32 tps: 2816.00 qps: 56319.91 (r/w/o: 39409.94/11276.98/5632.99) lat (ms,95%): 15.27 err/s: 0.00 reconn/s: 0.00
[ 6s ] thds: 32 tps: 2821.01 qps: 56433.18 (r/w/o: 39515.12/11278.04/5640.02) lat (ms,95%): 15.27 err/s: 0.00 reconn/s: 0.00
[ 7s ] thds: 32 tps: 2818.02 qps: 56355.45 (r/w/o: 39453.31/11266.09/5636.04) lat (ms,95%): 15.27 err/s: 0.00 reconn/s: 0.00
[ 8s ] thds: 32 tps: 2823.93 qps: 56398.67 (r/w/o: 39470.07/11281.73/5646.87) lat (ms,95%): 15.27 err/s: 0.00 reconn/s: 0.00
[ 9s ] thds: 32 tps: 2813.02 qps: 56336.39 (r/w/o: 39441.28/11267.08/5628.04) lat (ms,95%): 15.55 err/s: 0.00 reconn/s: 0.00
[ 10s ] thds: 32 tps: 2819.02 qps: 56393.32 (r/w/o: 39472.22/11282.06/5639.03) lat (ms,95%): 15.27 err/s: 0.00 reconn/s: 0.00
[ 11s ] thds: 32 tps: 2819.00 qps: 56394.09 (r/w/o: 39493.06/11262.02/5639.01) lat (ms,95%): 15.27 err/s: 0.00 reconn/s: 0.00
[ 12s ] thds: 32 tps: 2816.94 qps: 56399.72 (r/w/o: 39473.10/11293.74/5632.87) lat (ms,95%): 15.27 err/s: 0.00 reconn/s: 0.00
[ 13s ] thds: 32 tps: 2823.10 qps: 56374.96 (r/w/o: 39462.37/11265.39/5647.20) lat (ms,95%): 15.27 err/s: 0.00 reconn/s: 0.00
[ 14s ] thds: 32 tps: 2817.97 qps: 56397.39 (r/w/o: 39479.58/11282.88/5634.94) lat (ms,95%): 15.27 err/s: 0.00 reconn/s: 0.00
[ 15s ] thds: 32 tps: 2821.98 qps: 56400.68 (r/w/o: 39470.78/11285.94/5643.97) lat (ms,95%): 15.27 err/s: 0.00 reconn/s: 0.00
[ 16s ] thds: 32 tps: 2821.06 qps: 56440.23 (r/w/o: 39498.86/11300.25/5641.12) lat (ms,95%): 15.27 err/s: 0.00 reconn/s: 0.00
[ 17s ] thds: 32 tps: 2820.03 qps: 56397.62 (r/w/o: 39488.44/11267.12/5642.06) lat (ms,95%): 15.27 err/s: 0.00 reconn/s: 0.00
[ 18s ] thds: 32 tps: 2817.00 qps: 56384.04 (r/w/o: 39472.03/11278.01/5634.00) lat (ms,95%): 15.27 err/s: 0.00 reconn/s: 0.00
[ 19s ] thds: 32 tps: 2820.97 qps: 56383.42 (r/w/o: 39470.60/11273.88/5638.94) lat (ms,95%): 15.27 err/s: 0.00 reconn/s: 0.00
[ 20s ] thds: 32 tps: 2816.98 qps: 56354.50 (r/w/o: 39457.65/11259.90/5636.95) lat (ms,95%): 15.27 err/s: 0.00 reconn/s: 0.00
[ 21s ] thds: 32 tps: 2821.94 qps: 56408.84 (r/w/o: 39470.19/11294.77/5643.88) lat (ms,95%): 15.27 err/s: 0.00 reconn/s: 0.00
[ 22s ] thds: 32 tps: 2821.07 qps: 56379.45 (r/w/o: 39465.01/11272.29/5642.14) lat (ms,95%): 15.27 err/s: 0.00 reconn/s: 0.00
[ 23s ] thds: 32 tps: 2819.98 qps: 56400.63 (r/w/o: 39477.74/11283.93/5638.96) lat (ms,95%): 15.27 err/s: 0.00 reconn/s: 0.00
[ 24s ] thds: 32 tps: 2818.02 qps: 56447.49 (r/w/o: 39518.34/11292.10/5637.05) lat (ms,95%): 15.27 err/s: 0.00 reconn/s: 0.00
[ 25s ] thds: 32 tps: 2822.02 qps: 56413.49 (r/w/o: 39495.34/11274.10/5644.05) lat (ms,95%): 15.27 err/s: 0.00 reconn/s: 0.00
[ 26s ] thds: 32 tps: 2817.00 qps: 56321.91 (r/w/o: 39417.94/11271.98/5631.99) lat (ms,95%): 15.27 err/s: 0.00 reconn/s: 0.00
[ 27s ] thds: 32 tps: 2823.01 qps: 56461.18 (r/w/o: 39530.13/11284.04/5647.02) lat (ms,95%): 15.27 err/s: 0.00 reconn/s: 0.00
[ 28s ] thds: 32 tps: 2822.00 qps: 56394.98 (r/w/o: 39465.99/11285.00/5644.00) lat (ms,95%): 15.27 err/s: 0.00 reconn/s: 0.00
[ 29s ] thds: 32 tps: 2812.00 qps: 56330.99 (r/w/o: 39437.99/11268.00/5625.00) lat (ms,95%): 15.27 err/s: 0.00 reconn/s: 0.00
[ 30s ] thds: 32 tps: 2801.01 qps: 55973.11 (r/w/o: 39177.08/11195.02/5601.01) lat (ms,95%): 15.55 err/s: 0.00 reconn/s: 0.00
[ 31s ] thds: 32 tps: 2822.92 qps: 56410.46 (r/w/o: 39491.92/11274.69/5643.85) lat (ms,95%): 15.27 err/s: 0.00 reconn/s: 0.00
[ 32s ] thds: 32 tps: 2816.97 qps: 56392.48 (r/w/o: 39477.64/11278.90/5635.95) lat (ms,95%): 15.27 err/s: 0.00 reconn/s: 0.00
[ 33s ] thds: 32 tps: 2820.02 qps: 56402.37 (r/w/o: 39480.26/11282.07/5640.04) lat (ms,95%): 15.27 err/s: 0.00 reconn/s: 0.00
[ 34s ] thds: 32 tps: 2821.01 qps: 56411.25 (r/w/o: 39486.18/11282.05/5643.03) lat (ms,95%): 15.27 err/s: 0.00 reconn/s: 0.00
[ 35s ] thds: 32 tps: 2824.07 qps: 56415.45 (r/w/o: 39479.01/11290.29/5646.14) lat (ms,95%): 15.27 err/s: 0.00 reconn/s: 0.00
[ 36s ] thds: 32 tps: 2816.00 qps: 56412.97 (r/w/o: 39509.98/11270.99/5632.00) lat (ms,95%): 15.27 err/s: 0.00 reconn/s: 0.00
[ 37s ] thds: 32 tps: 2818.01 qps: 56295.10 (r/w/o: 39391.07/11268.02/5636.01) lat (ms,95%): 15.27 err/s: 0.00 reconn/s: 0.00
[ 38s ] thds: 32 tps: 2817.99 qps: 56411.86 (r/w/o: 39483.90/11291.97/5635.99) lat (ms,95%): 15.27 err/s: 0.00 reconn/s: 0.00
[ 39s ] thds: 32 tps: 2815.00 qps: 56323.08 (r/w/o: 39446.06/11245.02/5632.01) lat (ms,95%): 15.27 err/s: 0.00 reconn/s: 0.00
[ 40s ] thds: 32 tps: 2825.00 qps: 56456.98 (r/w/o: 39514.99/11293.00/5649.00) lat (ms,95%): 15.27 err/s: 0.00 reconn/s: 0.00
[ 41s ] thds: 32 tps: 2815.90 qps: 56352.97 (r/w/o: 39448.58/11272.59/5631.80) lat (ms,95%): 15.27 err/s: 0.00 reconn/s: 0.00
[ 42s ] thds: 32 tps: 2823.98 qps: 56439.57 (r/w/o: 39502.70/11287.91/5648.96) lat (ms,95%): 15.27 err/s: 0.00 reconn/s: 0.00
[ 43s ] thds: 32 tps: 2818.05 qps: 56393.98 (r/w/o: 39469.69/11289.20/5635.10) lat (ms,95%): 15.27 err/s: 0.00 reconn/s: 0.00
[ 44s ] thds: 32 tps: 2822.99 qps: 56437.77 (r/w/o: 39506.84/11284.95/5645.98) lat (ms,95%): 15.27 err/s: 0.00 reconn/s: 0.00
[ 45s ] thds: 32 tps: 2812.04 qps: 56266.85 (r/w/o: 39391.59/11250.17/5625.08) lat (ms,95%): 15.27 err/s: 0.00 reconn/s: 0.00
[ 46s ] thds: 32 tps: 2778.00 qps: 55529.02 (r/w/o: 38878.01/11097.00/5554.00) lat (ms,95%): 15.55 err/s: 0.00 reconn/s: 0.00
[ 47s ] thds: 32 tps: 2815.96 qps: 56316.22 (r/w/o: 39412.46/11271.84/5631.92) lat (ms,95%): 15.27 err/s: 0.00 reconn/s: 0.00
[ 48s ] thds: 32 tps: 2798.92 qps: 56003.43 (r/w/o: 39198.90/11206.69/5597.84) lat (ms,95%): 15.27 err/s: 0.00 reconn/s: 0.00
[ 49s ] thds: 32 tps: 2819.07 qps: 56375.47 (r/w/o: 39460.03/11276.29/5639.15) lat (ms,95%): 15.27 err/s: 0.00 reconn/s: 0.00
[ 50s ] thds: 32 tps: 2818.02 qps: 56325.50 (r/w/o: 39436.35/11253.10/5636.05) lat (ms,95%): 15.27 err/s: 0.00 reconn/s: 0.00
[ 51s ] thds: 32 tps: 2815.95 qps: 56378.94 (r/w/o: 39467.26/11279.79/5631.89) lat (ms,95%): 15.27 err/s: 0.00 reconn/s: 0.00
[ 52s ] thds: 32 tps: 2762.05 qps: 55242.91 (r/w/o: 38671.63/11048.18/5523.09) lat (ms,95%): 15.55 err/s: 0.00 reconn/s: 0.00
[ 53s ] thds: 32 tps: 2817.01 qps: 56302.13 (r/w/o: 39404.09/11262.03/5636.01) lat (ms,95%): 15.27 err/s: 0.00 reconn/s: 0.00
[ 54s ] thds: 32 tps: 2816.01 qps: 56326.24 (r/w/o: 39440.17/11257.05/5629.02) lat (ms,95%): 15.27 err/s: 0.00 reconn/s: 0.00
[ 55s ] thds: 32 tps: 2811.97 qps: 56238.45 (r/w/o: 39361.62/11250.89/5625.95) lat (ms,95%): 15.27 err/s: 0.00 reconn/s: 0.00
[ 56s ] thds: 32 tps: 2776.07 qps: 55683.39 (r/w/o: 38983.97/11147.28/5552.14) lat (ms,95%): 15.27 err/s: 0.00 reconn/s: 0.00
[ 57s ] thds: 32 tps: 2764.00 qps: 55291.06 (r/w/o: 38688.04/11074.01/5529.01) lat (ms,95%): 15.55 err/s: 0.00 reconn/s: 0.00
[ 58s ] thds: 32 tps: 2800.96 qps: 55880.29 (r/w/o: 39121.50/11157.86/5600.93) lat (ms,95%): 15.55 err/s: 0.00 reconn/s: 0.00
[ 59s ] thds: 32 tps: 2818.03 qps: 56337.64 (r/w/o: 39438.45/11264.13/5635.06) lat (ms,95%): 15.27 err/s: 0.00 reconn/s: 0.00
[ 60s ] thds: 32 tps: 2816.84 qps: 56333.73 (r/w/o: 39428.71/11270.35/5634.67) lat (ms,95%): 15.27 err/s: 0.00 reconn/s: 0.00
SQL statistics:
    queries performed:
        read:                            2363326
        write:                           675236
        other:                           337618
        total:                           3376180
    transactions:                        168809 (2812.96 per sec.)
    queries:                             3376180 (56259.19 per sec.)
    ignored errors:                      0      (0.00 per sec.)
    reconnects:                          0      (0.00 per sec.)

General statistics:
    total time:                          60.0095s
    total number of events:              168809

Latency (ms):
         min:                                    3.46
         avg:                                   11.37
         max:                                   40.55
         95th percentile:                       15.27
         sum:                              1920024.06

Threads fairness:
    events (avg/stddev):           5275.2812/1127.71
    execution time (avg/stddev):   60.0008/0.00

