sysbench 1.0.17 (using bundled LuaJIT 2.1.0-beta2)

Running the test with following options:
Number of threads: 32
Report intermediate results every 1 second(s)
Initializing random number generator from current time


Initializing worker threads...

Threads started!

[ 1s ] thds: 32 tps: 2804.59 qps: 56392.13 (r/w/o: 39522.70/11230.32/5639.11) lat (ms,95%): 17.63 err/s: 0.00 reconn/s: 0.00
[ 2s ] thds: 32 tps: 2821.07 qps: 56405.39 (r/w/o: 39478.97/11282.28/5644.14) lat (ms,95%): 17.32 err/s: 0.00 reconn/s: 0.00
[ 3s ] thds: 32 tps: 2819.00 qps: 56426.06 (r/w/o: 39512.05/11277.01/5637.01) lat (ms,95%): 17.63 err/s: 0.00 reconn/s: 0.00
[ 4s ] thds: 32 tps: 2819.99 qps: 56425.71 (r/w/o: 39492.80/11291.94/5640.97) lat (ms,95%): 17.63 err/s: 0.00 reconn/s: 0.00
[ 5s ] thds: 32 tps: 2823.02 qps: 56429.37 (r/w/o: 39503.26/11280.07/5646.04) lat (ms,95%): 17.63 err/s: 0.00 reconn/s: 0.00
[ 6s ] thds: 32 tps: 2816.00 qps: 56281.07 (r/w/o: 39375.05/11275.01/5631.01) lat (ms,95%): 17.63 err/s: 0.00 reconn/s: 0.00
[ 7s ] thds: 32 tps: 2813.00 qps: 56340.03 (r/w/o: 39463.02/11251.01/5626.00) lat (ms,95%): 17.63 err/s: 0.00 reconn/s: 0.00
[ 8s ] thds: 32 tps: 2824.00 qps: 56416.05 (r/w/o: 39478.03/11291.01/5647.00) lat (ms,95%): 17.63 err/s: 0.00 reconn/s: 0.00
[ 9s ] thds: 32 tps: 2820.00 qps: 56411.95 (r/w/o: 39498.96/11272.99/5639.99) lat (ms,95%): 17.63 err/s: 0.00 reconn/s: 0.00
[ 10s ] thds: 32 tps: 2815.00 qps: 56324.04 (r/w/o: 39425.03/11267.01/5632.00) lat (ms,95%): 17.63 err/s: 0.00 reconn/s: 0.00
[ 11s ] thds: 32 tps: 2822.00 qps: 56457.92 (r/w/o: 39512.95/11300.98/5643.99) lat (ms,95%): 17.63 err/s: 0.00 reconn/s: 0.00
[ 12s ] thds: 32 tps: 2815.99 qps: 56323.80 (r/w/o: 39435.86/11256.96/5630.98) lat (ms,95%): 17.63 err/s: 0.00 reconn/s: 0.00
[ 13s ] thds: 32 tps: 2822.01 qps: 56418.18 (r/w/o: 39483.13/11291.04/5644.02) lat (ms,95%): 17.63 err/s: 0.00 reconn/s: 0.00
[ 14s ] thds: 32 tps: 2823.00 qps: 56378.01 (r/w/o: 39456.01/11278.00/5644.00) lat (ms,95%): 17.63 err/s: 0.00 reconn/s: 0.00
[ 15s ] thds: 32 tps: 2819.00 qps: 56452.03 (r/w/o: 39525.02/11287.01/5640.00) lat (ms,95%): 17.63 err/s: 0.00 reconn/s: 0.00
[ 16s ] thds: 32 tps: 2819.99 qps: 56383.82 (r/w/o: 39470.87/11272.96/5639.98) lat (ms,95%): 17.63 err/s: 0.00 reconn/s: 0.00
[ 17s ] thds: 32 tps: 2807.00 qps: 56288.06 (r/w/o: 39435.04/11238.01/5615.01) lat (ms,95%): 17.32 err/s: 0.00 reconn/s: 0.00
[ 18s ] thds: 32 tps: 2832.00 qps: 56481.08 (r/w/o: 39506.06/11314.02/5661.01) lat (ms,95%): 17.63 err/s: 0.00 reconn/s: 0.00
[ 19s ] thds: 32 tps: 2815.00 qps: 56350.96 (r/w/o: 39445.97/11272.99/5632.00) lat (ms,95%): 17.63 err/s: 0.00 reconn/s: 0.00
[ 20s ] thds: 32 tps: 2823.00 qps: 56453.96 (r/w/o: 39517.97/11288.99/5647.00) lat (ms,95%): 17.63 err/s: 0.00 reconn/s: 0.00
[ 21s ] thds: 32 tps: 2819.98 qps: 56407.58 (r/w/o: 39485.71/11281.92/5639.96) lat (ms,95%): 17.95 err/s: 0.00 reconn/s: 0.00
[ 22s ] thds: 32 tps: 2766.02 qps: 55281.32 (r/w/o: 38685.22/11065.06/5531.03) lat (ms,95%): 17.95 err/s: 0.00 reconn/s: 0.00
[ 23s ] thds: 32 tps: 2815.99 qps: 56327.81 (r/w/o: 39429.87/11266.96/5630.98) lat (ms,95%): 17.32 err/s: 0.00 reconn/s: 0.00
[ 24s ] thds: 32 tps: 2817.02 qps: 56364.37 (r/w/o: 39477.26/11251.07/5636.04) lat (ms,95%): 17.63 err/s: 0.00 reconn/s: 0.00
[ 25s ] thds: 32 tps: 2811.00 qps: 56179.03 (r/w/o: 39309.02/11249.01/5621.00) lat (ms,95%): 17.95 err/s: 0.00 reconn/s: 0.00
[ 26s ] thds: 32 tps: 2814.96 qps: 56327.19 (r/w/o: 39431.43/11264.84/5630.92) lat (ms,95%): 17.63 err/s: 0.00 reconn/s: 0.00
[ 27s ] thds: 32 tps: 2813.02 qps: 56208.39 (r/w/o: 39343.28/11239.08/5626.04) lat (ms,95%): 17.63 err/s: 0.00 reconn/s: 0.00
[ 28s ] thds: 32 tps: 2816.01 qps: 56375.21 (r/w/o: 39463.15/11282.04/5630.02) lat (ms,95%): 17.63 err/s: 0.00 reconn/s: 0.00
[ 29s ] thds: 32 tps: 2774.01 qps: 55520.11 (r/w/o: 38865.08/11105.02/5550.01) lat (ms,95%): 17.95 err/s: 0.00 reconn/s: 0.00
[ 30s ] thds: 32 tps: 2822.00 qps: 56401.02 (r/w/o: 39484.01/11273.00/5644.00) lat (ms,95%): 17.63 err/s: 0.00 reconn/s: 0.00
[ 31s ] thds: 32 tps: 2823.00 qps: 56430.02 (r/w/o: 39497.01/11290.00/5643.00) lat (ms,95%): 17.63 err/s: 0.00 reconn/s: 0.00
[ 32s ] thds: 32 tps: 2788.00 qps: 55784.06 (r/w/o: 39061.04/11145.01/5578.01) lat (ms,95%): 17.63 err/s: 0.00 reconn/s: 0.00
[ 33s ] thds: 32 tps: 2777.99 qps: 55510.81 (r/w/o: 38841.86/11114.96/5553.98) lat (ms,95%): 17.63 err/s: 0.00 reconn/s: 0.00
[ 34s ] thds: 32 tps: 2815.00 qps: 56290.04 (r/w/o: 39401.03/11256.01/5633.00) lat (ms,95%): 17.63 err/s: 0.00 reconn/s: 0.00
[ 35s ] thds: 32 tps: 2818.00 qps: 56410.08 (r/w/o: 39499.06/11276.02/5635.01) lat (ms,95%): 17.63 err/s: 0.00 reconn/s: 0.00
[ 36s ] thds: 32 tps: 2816.00 qps: 56332.94 (r/w/o: 39431.96/11268.99/5631.99) lat (ms,95%): 17.32 err/s: 0.00 reconn/s: 0.00
[ 37s ] thds: 32 tps: 2819.00 qps: 56354.91 (r/w/o: 39445.94/11271.98/5636.99) lat (ms,95%): 17.63 err/s: 0.00 reconn/s: 0.00
[ 38s ] thds: 32 tps: 2814.01 qps: 56307.24 (r/w/o: 39409.17/11269.05/5629.02) lat (ms,95%): 17.63 err/s: 0.00 reconn/s: 0.00
[ 39s ] thds: 32 tps: 2705.01 qps: 54369.10 (r/w/o: 38037.07/10921.02/5411.01) lat (ms,95%): 17.63 err/s: 0.00 reconn/s: 0.00
[ 40s ] thds: 32 tps: 2671.99 qps: 53140.90 (r/w/o: 37223.93/10575.98/5340.99) lat (ms,95%): 17.63 err/s: 0.00 reconn/s: 0.00
[ 41s ] thds: 32 tps: 2818.00 qps: 56391.03 (r/w/o: 39480.02/11271.01/5640.00) lat (ms,95%): 17.63 err/s: 0.00 reconn/s: 0.00
[ 42s ] thds: 32 tps: 2796.00 qps: 55902.02 (r/w/o: 39124.02/11188.00/5590.00) lat (ms,95%): 17.63 err/s: 0.00 reconn/s: 0.00
[ 43s ] thds: 32 tps: 2818.00 qps: 56357.06 (r/w/o: 39453.04/11269.01/5635.01) lat (ms,95%): 17.63 err/s: 0.00 reconn/s: 0.00
[ 44s ] thds: 32 tps: 2824.00 qps: 56459.94 (r/w/o: 39518.96/11291.99/5648.99) lat (ms,95%): 17.63 err/s: 0.00 reconn/s: 0.00
[ 45s ] thds: 32 tps: 2821.00 qps: 56444.04 (r/w/o: 39509.03/11294.01/5641.00) lat (ms,95%): 17.63 err/s: 0.00 reconn/s: 0.00
[ 46s ] thds: 32 tps: 2816.99 qps: 56342.81 (r/w/o: 39448.87/11260.96/5632.98) lat (ms,95%): 17.63 err/s: 0.00 reconn/s: 0.00
[ 47s ] thds: 32 tps: 2813.00 qps: 56321.04 (r/w/o: 39425.03/11267.01/5629.00) lat (ms,95%): 17.63 err/s: 0.00 reconn/s: 0.00
[ 48s ] thds: 32 tps: 2824.02 qps: 56430.30 (r/w/o: 39492.21/11291.06/5647.03) lat (ms,95%): 17.63 err/s: 0.00 reconn/s: 0.00
[ 49s ] thds: 32 tps: 2823.99 qps: 56468.74 (r/w/o: 39523.82/11296.95/5647.97) lat (ms,95%): 17.63 err/s: 0.00 reconn/s: 0.00
[ 50s ] thds: 32 tps: 2823.00 qps: 56484.05 (r/w/o: 39552.04/11285.01/5647.01) lat (ms,95%): 17.63 err/s: 0.00 reconn/s: 0.00
[ 51s ] thds: 32 tps: 2821.00 qps: 56349.02 (r/w/o: 39435.01/11275.00/5639.00) lat (ms,95%): 17.63 err/s: 0.00 reconn/s: 0.00
[ 52s ] thds: 32 tps: 2816.99 qps: 56363.86 (r/w/o: 39457.90/11272.97/5632.99) lat (ms,95%): 17.63 err/s: 0.00 reconn/s: 0.00
[ 53s ] thds: 32 tps: 2818.00 qps: 56412.07 (r/w/o: 39489.05/11283.01/5640.01) lat (ms,95%): 17.32 err/s: 0.00 reconn/s: 0.00
[ 54s ] thds: 32 tps: 2818.99 qps: 56359.87 (r/w/o: 39449.91/11272.97/5636.99) lat (ms,95%): 17.63 err/s: 0.00 reconn/s: 0.00
[ 55s ] thds: 32 tps: 2824.01 qps: 56433.14 (r/w/o: 39505.10/11282.03/5646.01) lat (ms,95%): 17.63 err/s: 0.00 reconn/s: 0.00
[ 56s ] thds: 32 tps: 2817.00 qps: 56417.97 (r/w/o: 39497.98/11283.99/5636.00) lat (ms,95%): 17.63 err/s: 0.00 reconn/s: 0.00
[ 57s ] thds: 32 tps: 2823.00 qps: 56435.98 (r/w/o: 39507.98/11282.00/5646.00) lat (ms,95%): 17.63 err/s: 0.00 reconn/s: 0.00
[ 58s ] thds: 32 tps: 2820.01 qps: 56355.12 (r/w/o: 39435.08/11280.02/5640.01) lat (ms,95%): 17.63 err/s: 0.00 reconn/s: 0.00
[ 59s ] thds: 32 tps: 2816.00 qps: 56333.91 (r/w/o: 39445.94/11254.98/5632.99) lat (ms,95%): 17.63 err/s: 0.00 reconn/s: 0.00
[ 60s ] thds: 32 tps: 2823.91 qps: 56441.30 (r/w/o: 39498.81/11299.66/5642.83) lat (ms,95%): 17.63 err/s: 0.00 reconn/s: 0.00
SQL statistics:
    queries performed:
        read:                            2361898
        write:                           674828
        other:                           337414
        total:                           3374140
    transactions:                        168707 (2811.19 per sec.)
    queries:                             3374140 (56223.74 per sec.)
    ignored errors:                      0      (0.00 per sec.)
    reconnects:                          0      (0.00 per sec.)

General statistics:
    total time:                          60.0109s
    total number of events:              168707

Latency (ms):
         min:                                    4.51
         avg:                                   11.38
         max:                                  116.27
         95th percentile:                       17.63
         sum:                              1920061.67

Threads fairness:
    events (avg/stddev):           5272.0938/1319.58
    execution time (avg/stddev):   60.0019/0.00

